{"C:\\Users\\user\\Desktop\\LABORATORIA\\LIM015-burger-queen-api\\src\\app.js": {"path":"C:\\Users\\user\\Desktop\\LABORATORIA\\LIM015-burger-queen-api\\src\\app.js","statementMap":{"0":{"start":{"line":1,"column":16},"end":{"line":1,"column":34}},"1":{"start":{"line":2,"column":13},"end":{"line":2,"column":28}},"2":{"start":{"line":4,"column":15},"end":{"line":4,"column":34}},"3":{"start":{"line":7,"column":21},"end":{"line":7,"column":50}},"4":{"start":{"line":9,"column":15},"end":{"line":9,"column":34}},"5":{"start":{"line":11,"column":12},"end":{"line":11,"column":38}},"6":{"start":{"line":12,"column":24},"end":{"line":12,"column":54}},"7":{"start":{"line":15,"column":12},"end":{"line":15,"column":21}},"8":{"start":{"line":16,"column":0},"end":{"line":16,"column":14}},"9":{"start":{"line":18,"column":0},"end":{"line":18,"column":26}},"10":{"start":{"line":19,"column":0},"end":{"line":19,"column":20}},"11":{"start":{"line":22,"column":0},"end":{"line":22,"column":16}},"12":{"start":{"line":23,"column":0},"end":{"line":23,"column":49}},"13":{"start":{"line":24,"column":0},"end":{"line":24,"column":24}},"14":{"start":{"line":26,"column":0},"end":{"line":26,"column":22}},"15":{"start":{"line":29,"column":0},"end":{"line":33,"column":3}},"16":{"start":{"line":30,"column":2},"end":{"line":32,"column":3}},"17":{"start":{"line":31,"column":4},"end":{"line":31,"column":14}},"18":{"start":{"line":35,"column":0},"end":{"line":35,"column":21}}},"fnMap":{"0":{"name":"(anonymous_0)","decl":{"start":{"line":29,"column":12},"end":{"line":29,"column":13}},"loc":{"start":{"line":29,"column":21},"end":{"line":33,"column":1}},"line":29}},"branchMap":{"0":{"loc":{"start":{"line":30,"column":2},"end":{"line":32,"column":3}},"type":"if","locations":[{"start":{"line":30,"column":2},"end":{"line":32,"column":3}},{"start":{"line":30,"column":2},"end":{"line":32,"column":3}}],"line":30}},"s":{"0":1,"1":1,"2":1,"3":1,"4":1,"5":1,"6":1,"7":1,"8":1,"9":1,"10":1,"11":1,"12":1,"13":1,"14":1,"15":1,"16":2,"17":1,"18":1},"f":{"0":2},"b":{"0":[1,1]},"_coverageSchema":"1a1c01bbd47fc00a2c39e90264f33305004495a9","hash":"fd2a999b1d139b2790868ffbbe5db09f02605848"}
,"C:\\Users\\user\\Desktop\\LABORATORIA\\LIM015-burger-queen-api\\src\\config.js": {"path":"C:\\Users\\user\\Desktop\\LABORATORIA\\LIM015-burger-queen-api\\src\\config.js","statementMap":{"0":{"start":{"line":1,"column":0},"end":{"line":1,"column":59}},"1":{"start":{"line":2,"column":0},"end":{"line":2,"column":71}},"2":{"start":{"line":3,"column":0},"end":{"line":3,"column":73}},"3":{"start":{"line":4,"column":0},"end":{"line":4,"column":70}},"4":{"start":{"line":5,"column":0},"end":{"line":5,"column":65}}},"fnMap":{},"branchMap":{"0":{"loc":{"start":{"line":1,"column":15},"end":{"line":1,"column":58}},"type":"binary-expr","locations":[{"start":{"line":1,"column":15},"end":{"line":1,"column":30}},{"start":{"line":1,"column":34},"end":{"line":1,"column":50}},{"start":{"line":1,"column":54},"end":{"line":1,"column":58}}],"line":1},"1":{"loc":{"start":{"line":2,"column":16},"end":{"line":2,"column":70}},"type":"binary-expr","locations":[{"start":{"line":2,"column":16},"end":{"line":2,"column":34}},{"start":{"line":2,"column":38},"end":{"line":2,"column":70}}],"line":2},"2":{"loc":{"start":{"line":3,"column":17},"end":{"line":3,"column":72}},"type":"binary-expr","locations":[{"start":{"line":3,"column":17},"end":{"line":3,"column":39}},{"start":{"line":3,"column":43},"end":{"line":3,"column":72}}],"line":3},"3":{"loc":{"start":{"line":4,"column":21},"end":{"line":4,"column":69}},"type":"binary-expr","locations":[{"start":{"line":4,"column":21},"end":{"line":4,"column":44}},{"start":{"line":4,"column":48},"end":{"line":4,"column":69}}],"line":4},"4":{"loc":{"start":{"line":5,"column":24},"end":{"line":5,"column":64}},"type":"binary-expr","locations":[{"start":{"line":5,"column":24},"end":{"line":5,"column":50}},{"start":{"line":5,"column":54},"end":{"line":5,"column":64}}],"line":5}},"s":{"0":1,"1":1,"2":1,"3":1,"4":1},"f":{},"b":{"0":[1,0,0],"1":[1,1],"2":[1,1],"3":[1,1],"4":[1,1]},"_coverageSchema":"1a1c01bbd47fc00a2c39e90264f33305004495a9","hash":"c9e6b05f1a0ff0044ba35055664f0838f97dadd3"}
,"C:\\Users\\user\\Desktop\\LABORATORIA\\LIM015-burger-queen-api\\src\\controller\\auth.js": {"path":"C:\\Users\\user\\Desktop\\LABORATORIA\\LIM015-burger-queen-api\\src\\controller\\auth.js","statementMap":{"0":{"start":{"line":1,"column":12},"end":{"line":1,"column":35}},"1":{"start":{"line":2,"column":13},"end":{"line":2,"column":39}},"2":{"start":{"line":3,"column":19},"end":{"line":3,"column":39}},"3":{"start":{"line":5,"column":13},"end":{"line":23,"column":1}},"4":{"start":{"line":6,"column":30},"end":{"line":6,"column":38}},"5":{"start":{"line":7,"column":2},"end":{"line":9,"column":3}},"6":{"start":{"line":8,"column":4},"end":{"line":8,"column":71}},"7":{"start":{"line":11,"column":20},"end":{"line":11,"column":65}},"8":{"start":{"line":14,"column":2},"end":{"line":16,"column":3}},"9":{"start":{"line":15,"column":4},"end":{"line":15,"column":51}},"10":{"start":{"line":17,"column":24},"end":{"line":17,"column":89}},"11":{"start":{"line":18,"column":2},"end":{"line":20,"column":3}},"12":{"start":{"line":19,"column":4},"end":{"line":19,"column":79}},"13":{"start":{"line":21,"column":16},"end":{"line":21,"column":77}},"14":{"start":{"line":22,"column":2},"end":{"line":22,"column":35}},"15":{"start":{"line":25,"column":0},"end":{"line":25,"column":26}}},"fnMap":{"0":{"name":"(anonymous_0)","decl":{"start":{"line":5,"column":13},"end":{"line":5,"column":14}},"loc":{"start":{"line":5,"column":34},"end":{"line":23,"column":1}},"line":5}},"branchMap":{"0":{"loc":{"start":{"line":7,"column":2},"end":{"line":9,"column":3}},"type":"if","locations":[{"start":{"line":7,"column":2},"end":{"line":9,"column":3}},{"start":{"line":7,"column":2},"end":{"line":9,"column":3}}],"line":7},"1":{"loc":{"start":{"line":7,"column":6},"end":{"line":7,"column":25}},"type":"binary-expr","locations":[{"start":{"line":7,"column":6},"end":{"line":7,"column":12}},{"start":{"line":7,"column":16},"end":{"line":7,"column":25}}],"line":7},"2":{"loc":{"start":{"line":14,"column":2},"end":{"line":16,"column":3}},"type":"if","locations":[{"start":{"line":14,"column":2},"end":{"line":16,"column":3}},{"start":{"line":14,"column":2},"end":{"line":16,"column":3}}],"line":14},"3":{"loc":{"start":{"line":18,"column":2},"end":{"line":20,"column":3}},"type":"if","locations":[{"start":{"line":18,"column":2},"end":{"line":20,"column":3}},{"start":{"line":18,"column":2},"end":{"line":20,"column":3}}],"line":18}},"s":{"0":1,"1":1,"2":1,"3":1,"4":0,"5":0,"6":0,"7":0,"8":0,"9":0,"10":0,"11":0,"12":0,"13":0,"14":0,"15":1},"f":{"0":0},"b":{"0":[0,0],"1":[0,0],"2":[0,0],"3":[0,0]},"_coverageSchema":"1a1c01bbd47fc00a2c39e90264f33305004495a9","hash":"4f433fe79307b06d531ef1e25a5cf8b55999494e"}
,"C:\\Users\\user\\Desktop\\LABORATORIA\\LIM015-burger-queen-api\\src\\controller\\orders.js": {"path":"C:\\Users\\user\\Desktop\\LABORATORIA\\LIM015-burger-queen-api\\src\\controller\\orders.js","statementMap":{"0":{"start":{"line":1,"column":14},"end":{"line":1,"column":41}},"1":{"start":{"line":2,"column":16},"end":{"line":2,"column":45}},"2":{"start":{"line":3,"column":21},"end":{"line":3,"column":46}},"3":{"start":{"line":5,"column":20},"end":{"line":26,"column":1}},"4":{"start":{"line":8,"column":6},"end":{"line":8,"column":14}},"5":{"start":{"line":9,"column":2},"end":{"line":25,"column":3}},"6":{"start":{"line":10,"column":4},"end":{"line":10,"column":67}},"7":{"start":{"line":12,"column":21},"end":{"line":14,"column":6}},"8":{"start":{"line":15,"column":4},"end":{"line":24,"column":7}},"9":{"start":{"line":16,"column":27},"end":{"line":16,"column":75}},"10":{"start":{"line":17,"column":6},"end":{"line":23,"column":7}},"11":{"start":{"line":18,"column":8},"end":{"line":18,"column":73}},"12":{"start":{"line":20,"column":27},"end":{"line":20,"column":48}},"13":{"start":{"line":21,"column":31},"end":{"line":21,"column":104}},"14":{"start":{"line":22,"column":8},"end":{"line":22,"column":46}},"15":{"start":{"line":28,"column":18},"end":{"line":42,"column":1}},"16":{"start":{"line":29,"column":16},"end":{"line":29,"column":51}},"17":{"start":{"line":30,"column":15},"end":{"line":30,"column":48}},"18":{"start":{"line":31,"column":19},"end":{"line":31,"column":37}},"19":{"start":{"line":32,"column":20},"end":{"line":32,"column":71}},"20":{"start":{"line":33,"column":21},"end":{"line":38,"column":3}},"21":{"start":{"line":40,"column":2},"end":{"line":40,"column":25}},"22":{"start":{"line":41,"column":2},"end":{"line":41,"column":35}},"23":{"start":{"line":44,"column":21},"end":{"line":56,"column":1}},"24":{"start":{"line":45,"column":21},"end":{"line":45,"column":49}},"25":{"start":{"line":46,"column":2},"end":{"line":55,"column":3}},"26":{"start":{"line":47,"column":18},"end":{"line":47,"column":87}},"27":{"start":{"line":48,"column":4},"end":{"line":52,"column":5}},"28":{"start":{"line":49,"column":6},"end":{"line":49,"column":68}},"29":{"start":{"line":51,"column":6},"end":{"line":51,"column":35}},"30":{"start":{"line":54,"column":4},"end":{"line":54,"column":50}},"31":{"start":{"line":58,"column":24},"end":{"line":80,"column":1}},"32":{"start":{"line":59,"column":21},"end":{"line":59,"column":49}},"33":{"start":{"line":60,"column":2},"end":{"line":79,"column":3}},"34":{"start":{"line":61,"column":4},"end":{"line":76,"column":5}},"35":{"start":{"line":62,"column":6},"end":{"line":62,"column":80}},"36":{"start":{"line":64,"column":21},"end":{"line":64,"column":71}},"37":{"start":{"line":65,"column":6},"end":{"line":75,"column":7}},"38":{"start":{"line":66,"column":8},"end":{"line":66,"column":77}},"39":{"start":{"line":68,"column":29},"end":{"line":70,"column":39}},"40":{"start":{"line":71,"column":8},"end":{"line":73,"column":9}},"41":{"start":{"line":72,"column":10},"end":{"line":72,"column":72}},"42":{"start":{"line":74,"column":8},"end":{"line":74,"column":44}},"43":{"start":{"line":78,"column":4},"end":{"line":78,"column":63}},"44":{"start":{"line":82,"column":24},"end":{"line":94,"column":1}},"45":{"start":{"line":83,"column":21},"end":{"line":83,"column":49}},"46":{"start":{"line":84,"column":2},"end":{"line":93,"column":3}},"47":{"start":{"line":85,"column":25},"end":{"line":85,"column":103}},"48":{"start":{"line":86,"column":4},"end":{"line":90,"column":5}},"49":{"start":{"line":87,"column":6},"end":{"line":87,"column":68}},"50":{"start":{"line":89,"column":6},"end":{"line":89,"column":42}},"51":{"start":{"line":92,"column":4},"end":{"line":92,"column":63}},"52":{"start":{"line":96,"column":0},"end":{"line":102,"column":2}}},"fnMap":{"0":{"name":"(anonymous_0)","decl":{"start":{"line":5,"column":20},"end":{"line":5,"column":21}},"loc":{"start":{"line":5,"column":41},"end":{"line":26,"column":1}},"line":5},"1":{"name":"(anonymous_1)","decl":{"start":{"line":15,"column":17},"end":{"line":15,"column":18}},"loc":{"start":{"line":15,"column":31},"end":{"line":24,"column":5}},"line":15},"2":{"name":"(anonymous_2)","decl":{"start":{"line":28,"column":18},"end":{"line":28,"column":19}},"loc":{"start":{"line":28,"column":39},"end":{"line":42,"column":1}},"line":28},"3":{"name":"(anonymous_3)","decl":{"start":{"line":44,"column":21},"end":{"line":44,"column":22}},"loc":{"start":{"line":44,"column":42},"end":{"line":56,"column":1}},"line":44},"4":{"name":"(anonymous_4)","decl":{"start":{"line":58,"column":24},"end":{"line":58,"column":25}},"loc":{"start":{"line":58,"column":45},"end":{"line":80,"column":1}},"line":58},"5":{"name":"(anonymous_5)","decl":{"start":{"line":82,"column":24},"end":{"line":82,"column":25}},"loc":{"start":{"line":82,"column":45},"end":{"line":94,"column":1}},"line":82}},"branchMap":{"0":{"loc":{"start":{"line":9,"column":2},"end":{"line":25,"column":3}},"type":"if","locations":[{"start":{"line":9,"column":2},"end":{"line":25,"column":3}},{"start":{"line":9,"column":2},"end":{"line":25,"column":3}}],"line":9},"1":{"loc":{"start":{"line":9,"column":6},"end":{"line":9,"column":40}},"type":"binary-expr","locations":[{"start":{"line":9,"column":6},"end":{"line":9,"column":15}},{"start":{"line":9,"column":19},"end":{"line":9,"column":40}}],"line":9},"2":{"loc":{"start":{"line":17,"column":6},"end":{"line":23,"column":7}},"type":"if","locations":[{"start":{"line":17,"column":6},"end":{"line":23,"column":7}},{"start":{"line":17,"column":6},"end":{"line":23,"column":7}}],"line":17},"3":{"loc":{"start":{"line":29,"column":16},"end":{"line":29,"column":51}},"type":"binary-expr","locations":[{"start":{"line":29,"column":16},"end":{"line":29,"column":45}},{"start":{"line":29,"column":49},"end":{"line":29,"column":51}}],"line":29},"4":{"loc":{"start":{"line":30,"column":15},"end":{"line":30,"column":48}},"type":"binary-expr","locations":[{"start":{"line":30,"column":15},"end":{"line":30,"column":43}},{"start":{"line":30,"column":47},"end":{"line":30,"column":48}}],"line":30},"5":{"loc":{"start":{"line":35,"column":10},"end":{"line":35,"column":106}},"type":"cond-expr","locations":[{"start":{"line":35,"column":34},"end":{"line":35,"column":98}},{"start":{"line":35,"column":101},"end":{"line":35,"column":106}}],"line":35},"6":{"loc":{"start":{"line":36,"column":10},"end":{"line":36,"column":106}},"type":"cond-expr","locations":[{"start":{"line":36,"column":34},"end":{"line":36,"column":98}},{"start":{"line":36,"column":101},"end":{"line":36,"column":106}}],"line":36},"7":{"loc":{"start":{"line":37,"column":10},"end":{"line":37,"column":117}},"type":"cond-expr","locations":[{"start":{"line":37,"column":33},"end":{"line":37,"column":109}},{"start":{"line":37,"column":112},"end":{"line":37,"column":117}}],"line":37},"8":{"loc":{"start":{"line":46,"column":2},"end":{"line":55,"column":3}},"type":"if","locations":[{"start":{"line":46,"column":2},"end":{"line":55,"column":3}},{"start":{"line":46,"column":2},"end":{"line":55,"column":3}}],"line":46},"9":{"loc":{"start":{"line":48,"column":4},"end":{"line":52,"column":5}},"type":"if","locations":[{"start":{"line":48,"column":4},"end":{"line":52,"column":5}},{"start":{"line":48,"column":4},"end":{"line":52,"column":5}}],"line":48},"10":{"loc":{"start":{"line":60,"column":2},"end":{"line":79,"column":3}},"type":"if","locations":[{"start":{"line":60,"column":2},"end":{"line":79,"column":3}},{"start":{"line":60,"column":2},"end":{"line":79,"column":3}}],"line":60},"11":{"loc":{"start":{"line":61,"column":4},"end":{"line":76,"column":5}},"type":"if","locations":[{"start":{"line":61,"column":4},"end":{"line":76,"column":5}},{"start":{"line":61,"column":4},"end":{"line":76,"column":5}}],"line":61},"12":{"loc":{"start":{"line":61,"column":8},"end":{"line":61,"column":150}},"type":"binary-expr","locations":[{"start":{"line":61,"column":9},"end":{"line":61,"column":43}},{"start":{"line":61,"column":48},"end":{"line":61,"column":70}},{"start":{"line":61,"column":74},"end":{"line":61,"column":96}},{"start":{"line":61,"column":100},"end":{"line":61,"column":122}},{"start":{"line":61,"column":126},"end":{"line":61,"column":150}}],"line":61},"13":{"loc":{"start":{"line":65,"column":6},"end":{"line":75,"column":7}},"type":"if","locations":[{"start":{"line":65,"column":6},"end":{"line":75,"column":7}},{"start":{"line":65,"column":6},"end":{"line":75,"column":7}}],"line":65},"14":{"loc":{"start":{"line":65,"column":10},"end":{"line":65,"column":64}},"type":"binary-expr","locations":[{"start":{"line":65,"column":10},"end":{"line":65,"column":25}},{"start":{"line":65,"column":30},"end":{"line":65,"column":63}}],"line":65},"15":{"loc":{"start":{"line":71,"column":8},"end":{"line":73,"column":9}},"type":"if","locations":[{"start":{"line":71,"column":8},"end":{"line":73,"column":9}},{"start":{"line":71,"column":8},"end":{"line":73,"column":9}}],"line":71},"16":{"loc":{"start":{"line":84,"column":2},"end":{"line":93,"column":3}},"type":"if","locations":[{"start":{"line":84,"column":2},"end":{"line":93,"column":3}},{"start":{"line":84,"column":2},"end":{"line":93,"column":3}}],"line":84},"17":{"loc":{"start":{"line":86,"column":4},"end":{"line":90,"column":5}},"type":"if","locations":[{"start":{"line":86,"column":4},"end":{"line":90,"column":5}},{"start":{"line":86,"column":4},"end":{"line":90,"column":5}}],"line":86}},"s":{"0":1,"1":1,"2":1,"3":1,"4":0,"5":0,"6":0,"7":0,"8":0,"9":0,"10":0,"11":0,"12":0,"13":0,"14":0,"15":1,"16":0,"17":0,"18":0,"19":0,"20":0,"21":0,"22":0,"23":1,"24":0,"25":0,"26":0,"27":0,"28":0,"29":0,"30":0,"31":1,"32":0,"33":0,"34":0,"35":0,"36":0,"37":0,"38":0,"39":0,"40":0,"41":0,"42":0,"43":0,"44":1,"45":0,"46":0,"47":0,"48":0,"49":0,"50":0,"51":0,"52":1},"f":{"0":0,"1":0,"2":0,"3":0,"4":0,"5":0},"b":{"0":[0,0],"1":[0,0],"2":[0,0],"3":[0,0],"4":[0,0],"5":[0,0],"6":[0,0],"7":[0,0],"8":[0,0],"9":[0,0],"10":[0,0],"11":[0,0],"12":[0,0,0,0,0],"13":[0,0],"14":[0,0],"15":[0,0],"16":[0,0],"17":[0,0]},"_coverageSchema":"1a1c01bbd47fc00a2c39e90264f33305004495a9","hash":"fcf9ab94f4ea4b01a48b00b1da083d6e926a4d68"}
,"C:\\Users\\user\\Desktop\\LABORATORIA\\LIM015-burger-queen-api\\src\\controller\\products.js": {"path":"C:\\Users\\user\\Desktop\\LABORATORIA\\LIM015-burger-queen-api\\src\\controller\\products.js","statementMap":{"0":{"start":{"line":1,"column":16},"end":{"line":1,"column":45}},"1":{"start":{"line":2,"column":21},"end":{"line":2,"column":46}},"2":{"start":{"line":4,"column":22},"end":{"line":16,"column":1}},"3":{"start":{"line":7,"column":6},"end":{"line":7,"column":14}},"4":{"start":{"line":8,"column":21},"end":{"line":10,"column":4}},"5":{"start":{"line":11,"column":2},"end":{"line":13,"column":3}},"6":{"start":{"line":12,"column":4},"end":{"line":12,"column":80}},"7":{"start":{"line":14,"column":23},"end":{"line":14,"column":46}},"8":{"start":{"line":15,"column":1},"end":{"line":15,"column":44}},"9":{"start":{"line":18,"column":20},"end":{"line":31,"column":1}},"10":{"start":{"line":19,"column":16},"end":{"line":19,"column":51}},"11":{"start":{"line":20,"column":15},"end":{"line":20,"column":48}},"12":{"start":{"line":21,"column":22},"end":{"line":21,"column":65}},"13":{"start":{"line":22,"column":21},"end":{"line":27,"column":3}},"14":{"start":{"line":29,"column":2},"end":{"line":29,"column":25}},"15":{"start":{"line":30,"column":2},"end":{"line":30,"column":37}},"16":{"start":{"line":33,"column":23},"end":{"line":43,"column":1}},"17":{"start":{"line":34,"column":21},"end":{"line":34,"column":51}},"18":{"start":{"line":35,"column":2},"end":{"line":41,"column":3}},"19":{"start":{"line":36,"column":20},"end":{"line":36,"column":64}},"20":{"start":{"line":37,"column":4},"end":{"line":39,"column":5}},"21":{"start":{"line":38,"column":6},"end":{"line":38,"column":77}},"22":{"start":{"line":40,"column":4},"end":{"line":40,"column":42}},"23":{"start":{"line":42,"column":2},"end":{"line":42,"column":68}},"24":{"start":{"line":45,"column":26},"end":{"line":60,"column":1}},"25":{"start":{"line":46,"column":21},"end":{"line":46,"column":51}},"26":{"start":{"line":47,"column":2},"end":{"line":58,"column":3}},"27":{"start":{"line":48,"column":4},"end":{"line":50,"column":5}},"28":{"start":{"line":49,"column":6},"end":{"line":49,"column":87}},"29":{"start":{"line":51,"column":27},"end":{"line":53,"column":6}},"30":{"start":{"line":54,"column":4},"end":{"line":56,"column":5}},"31":{"start":{"line":55,"column":6},"end":{"line":55,"column":77}},"32":{"start":{"line":57,"column":4},"end":{"line":57,"column":49}},"33":{"start":{"line":59,"column":2},"end":{"line":59,"column":68}},"34":{"start":{"line":62,"column":26},"end":{"line":73,"column":1}},"35":{"start":{"line":63,"column":21},"end":{"line":63,"column":51}},"36":{"start":{"line":64,"column":2},"end":{"line":72,"column":3}},"37":{"start":{"line":65,"column":27},"end":{"line":65,"column":80}},"38":{"start":{"line":66,"column":4},"end":{"line":68,"column":5}},"39":{"start":{"line":67,"column":6},"end":{"line":67,"column":70}},"40":{"start":{"line":69,"column":4},"end":{"line":69,"column":42}},"41":{"start":{"line":71,"column":4},"end":{"line":71,"column":63}},"42":{"start":{"line":75,"column":0},"end":{"line":81,"column":2}}},"fnMap":{"0":{"name":"(anonymous_0)","decl":{"start":{"line":4,"column":22},"end":{"line":4,"column":23}},"loc":{"start":{"line":4,"column":43},"end":{"line":16,"column":1}},"line":4},"1":{"name":"(anonymous_1)","decl":{"start":{"line":18,"column":20},"end":{"line":18,"column":21}},"loc":{"start":{"line":18,"column":41},"end":{"line":31,"column":1}},"line":18},"2":{"name":"(anonymous_2)","decl":{"start":{"line":33,"column":23},"end":{"line":33,"column":24}},"loc":{"start":{"line":33,"column":44},"end":{"line":43,"column":1}},"line":33},"3":{"name":"(anonymous_3)","decl":{"start":{"line":45,"column":26},"end":{"line":45,"column":27}},"loc":{"start":{"line":45,"column":47},"end":{"line":60,"column":1}},"line":45},"4":{"name":"(anonymous_4)","decl":{"start":{"line":62,"column":26},"end":{"line":62,"column":27}},"loc":{"start":{"line":62,"column":47},"end":{"line":73,"column":1}},"line":62}},"branchMap":{"0":{"loc":{"start":{"line":11,"column":2},"end":{"line":13,"column":3}},"type":"if","locations":[{"start":{"line":11,"column":2},"end":{"line":13,"column":3}},{"start":{"line":11,"column":2},"end":{"line":13,"column":3}}],"line":11},"1":{"loc":{"start":{"line":11,"column":6},"end":{"line":11,"column":21}},"type":"binary-expr","locations":[{"start":{"line":11,"column":6},"end":{"line":11,"column":11}},{"start":{"line":11,"column":15},"end":{"line":11,"column":21}}],"line":11},"2":{"loc":{"start":{"line":19,"column":16},"end":{"line":19,"column":51}},"type":"binary-expr","locations":[{"start":{"line":19,"column":16},"end":{"line":19,"column":45}},{"start":{"line":19,"column":49},"end":{"line":19,"column":51}}],"line":19},"3":{"loc":{"start":{"line":20,"column":15},"end":{"line":20,"column":48}},"type":"binary-expr","locations":[{"start":{"line":20,"column":15},"end":{"line":20,"column":43}},{"start":{"line":20,"column":47},"end":{"line":20,"column":48}}],"line":20},"4":{"loc":{"start":{"line":24,"column":10},"end":{"line":24,"column":108}},"type":"cond-expr","locations":[{"start":{"line":24,"column":36},"end":{"line":24,"column":100}},{"start":{"line":24,"column":103},"end":{"line":24,"column":108}}],"line":24},"5":{"loc":{"start":{"line":25,"column":10},"end":{"line":25,"column":108}},"type":"cond-expr","locations":[{"start":{"line":25,"column":36},"end":{"line":25,"column":100}},{"start":{"line":25,"column":103},"end":{"line":25,"column":108}}],"line":25},"6":{"loc":{"start":{"line":26,"column":10},"end":{"line":26,"column":121}},"type":"cond-expr","locations":[{"start":{"line":26,"column":35},"end":{"line":26,"column":113}},{"start":{"line":26,"column":116},"end":{"line":26,"column":121}}],"line":26},"7":{"loc":{"start":{"line":35,"column":2},"end":{"line":41,"column":3}},"type":"if","locations":[{"start":{"line":35,"column":2},"end":{"line":41,"column":3}},{"start":{"line":35,"column":2},"end":{"line":41,"column":3}}],"line":35},"8":{"loc":{"start":{"line":37,"column":4},"end":{"line":39,"column":5}},"type":"if","locations":[{"start":{"line":37,"column":4},"end":{"line":39,"column":5}},{"start":{"line":37,"column":4},"end":{"line":39,"column":5}}],"line":37},"9":{"loc":{"start":{"line":47,"column":2},"end":{"line":58,"column":3}},"type":"if","locations":[{"start":{"line":47,"column":2},"end":{"line":58,"column":3}},{"start":{"line":47,"column":2},"end":{"line":58,"column":3}}],"line":47},"10":{"loc":{"start":{"line":48,"column":4},"end":{"line":50,"column":5}},"type":"if","locations":[{"start":{"line":48,"column":4},"end":{"line":50,"column":5}},{"start":{"line":48,"column":4},"end":{"line":50,"column":5}}],"line":48},"11":{"loc":{"start":{"line":48,"column":8},"end":{"line":48,"column":142}},"type":"binary-expr","locations":[{"start":{"line":48,"column":9},"end":{"line":48,"column":43}},{"start":{"line":48,"column":48},"end":{"line":48,"column":68}},{"start":{"line":48,"column":72},"end":{"line":48,"column":93}},{"start":{"line":48,"column":97},"end":{"line":48,"column":118}},{"start":{"line":48,"column":122},"end":{"line":48,"column":142}}],"line":48},"12":{"loc":{"start":{"line":54,"column":4},"end":{"line":56,"column":5}},"type":"if","locations":[{"start":{"line":54,"column":4},"end":{"line":56,"column":5}},{"start":{"line":54,"column":4},"end":{"line":56,"column":5}}],"line":54},"13":{"loc":{"start":{"line":64,"column":2},"end":{"line":72,"column":3}},"type":"if","locations":[{"start":{"line":64,"column":2},"end":{"line":72,"column":3}},{"start":{"line":64,"column":2},"end":{"line":72,"column":3}}],"line":64},"14":{"loc":{"start":{"line":66,"column":4},"end":{"line":68,"column":5}},"type":"if","locations":[{"start":{"line":66,"column":4},"end":{"line":68,"column":5}},{"start":{"line":66,"column":4},"end":{"line":68,"column":5}}],"line":66}},"s":{"0":1,"1":1,"2":1,"3":2,"4":2,"5":2,"6":1,"7":1,"8":1,"9":1,"10":1,"11":1,"12":1,"13":1,"14":1,"15":1,"16":1,"17":2,"18":2,"19":2,"20":2,"21":1,"22":1,"23":0,"24":1,"25":0,"26":0,"27":0,"28":0,"29":0,"30":0,"31":0,"32":0,"33":0,"34":1,"35":0,"36":0,"37":0,"38":0,"39":0,"40":0,"41":0,"42":1},"f":{"0":2,"1":1,"2":2,"3":0,"4":0},"b":{"0":[1,1],"1":[2,1],"2":[1,1],"3":[1,1],"4":[0,1],"5":[1,0],"6":[1,0],"7":[2,0],"8":[1,1],"9":[0,0],"10":[0,0],"11":[0,0,0,0,0],"12":[0,0],"13":[0,0],"14":[0,0]},"_coverageSchema":"1a1c01bbd47fc00a2c39e90264f33305004495a9","hash":"582ab2ffb60a5972179e138c4d907d3ec83a6751"}
,"C:\\Users\\user\\Desktop\\LABORATORIA\\LIM015-burger-queen-api\\src\\controller\\users.js": {"path":"C:\\Users\\user\\Desktop\\LABORATORIA\\LIM015-burger-queen-api\\src\\controller\\users.js","statementMap":{"0":{"start":{"line":1,"column":13},"end":{"line":1,"column":39}},"1":{"start":{"line":2,"column":13},"end":{"line":2,"column":39}},"2":{"start":{"line":3,"column":23},"end":{"line":3,"column":52}},"3":{"start":{"line":4,"column":58},"end":{"line":4,"column":83}},"4":{"start":{"line":6,"column":15},"end":{"line":39,"column":1}},"5":{"start":{"line":11,"column":6},"end":{"line":11,"column":14}},"6":{"start":{"line":12,"column":2},"end":{"line":14,"column":3}},"7":{"start":{"line":13,"column":4},"end":{"line":13,"column":77}},"8":{"start":{"line":15,"column":2},"end":{"line":38,"column":3}},"9":{"start":{"line":16,"column":4},"end":{"line":16,"column":66}},"10":{"start":{"line":17,"column":9},"end":{"line":38,"column":3}},"11":{"start":{"line":18,"column":4},"end":{"line":18,"column":69}},"12":{"start":{"line":20,"column":23},"end":{"line":20,"column":68}},"13":{"start":{"line":21,"column":4},"end":{"line":37,"column":5}},"14":{"start":{"line":22,"column":6},"end":{"line":22,"column":51}},"15":{"start":{"line":24,"column":22},"end":{"line":27,"column":8}},"16":{"start":{"line":28,"column":6},"end":{"line":34,"column":7}},"17":{"start":{"line":29,"column":27},"end":{"line":29,"column":68}},"18":{"start":{"line":30,"column":8},"end":{"line":30,"column":59}},"19":{"start":{"line":30,"column":49},"end":{"line":30,"column":57}},"20":{"start":{"line":32,"column":21},"end":{"line":32,"column":57}},"21":{"start":{"line":33,"column":8},"end":{"line":33,"column":35}},"22":{"start":{"line":35,"column":24},"end":{"line":35,"column":44}},"23":{"start":{"line":36,"column":6},"end":{"line":36,"column":39}},"24":{"start":{"line":41,"column":17},"end":{"line":54,"column":1}},"25":{"start":{"line":42,"column":16},"end":{"line":42,"column":51}},"26":{"start":{"line":43,"column":15},"end":{"line":43,"column":48}},"27":{"start":{"line":44,"column":19},"end":{"line":44,"column":59}},"28":{"start":{"line":45,"column":21},"end":{"line":50,"column":3}},"29":{"start":{"line":51,"column":2},"end":{"line":51,"column":25}},"30":{"start":{"line":52,"column":2},"end":{"line":52,"column":34}},"31":{"start":{"line":56,"column":20},"end":{"line":73,"column":1}},"32":{"start":{"line":57,"column":21},"end":{"line":57,"column":53}},"33":{"start":{"line":58,"column":2},"end":{"line":72,"column":3}},"34":{"start":{"line":59,"column":17},"end":{"line":59,"column":47}},"35":{"start":{"line":60,"column":4},"end":{"line":62,"column":5}},"36":{"start":{"line":61,"column":6},"end":{"line":61,"column":67}},"37":{"start":{"line":63,"column":4},"end":{"line":69,"column":7}},"38":{"start":{"line":64,"column":6},"end":{"line":68,"column":7}},"39":{"start":{"line":65,"column":8},"end":{"line":65,"column":36}},"40":{"start":{"line":67,"column":8},"end":{"line":67,"column":57}},"41":{"start":{"line":71,"column":4},"end":{"line":71,"column":71}},"42":{"start":{"line":75,"column":23},"end":{"line":106,"column":1}},"43":{"start":{"line":76,"column":21},"end":{"line":76,"column":53}},"44":{"start":{"line":77,"column":2},"end":{"line":105,"column":3}},"45":{"start":{"line":78,"column":4},"end":{"line":102,"column":5}},"46":{"start":{"line":79,"column":6},"end":{"line":79,"column":79}},"47":{"start":{"line":81,"column":19},"end":{"line":81,"column":49}},"48":{"start":{"line":82,"column":6},"end":{"line":84,"column":7}},"49":{"start":{"line":83,"column":8},"end":{"line":83,"column":69}},"50":{"start":{"line":85,"column":6},"end":{"line":101,"column":9}},"51":{"start":{"line":86,"column":8},"end":{"line":100,"column":9}},"52":{"start":{"line":87,"column":10},"end":{"line":90,"column":11}},"53":{"start":{"line":88,"column":36},"end":{"line":88,"column":81}},"54":{"start":{"line":89,"column":12},"end":{"line":89,"column":48}},"55":{"start":{"line":91,"column":10},"end":{"line":93,"column":11}},"56":{"start":{"line":92,"column":12},"end":{"line":92,"column":61}},"57":{"start":{"line":94,"column":30},"end":{"line":96,"column":12}},"58":{"start":{"line":97,"column":10},"end":{"line":97,"column":45}},"59":{"start":{"line":99,"column":10},"end":{"line":99,"column":59}},"60":{"start":{"line":104,"column":4},"end":{"line":104,"column":71}},"61":{"start":{"line":108,"column":23},"end":{"line":126,"column":1}},"62":{"start":{"line":109,"column":21},"end":{"line":109,"column":53}},"63":{"start":{"line":110,"column":2},"end":{"line":125,"column":3}},"64":{"start":{"line":111,"column":17},"end":{"line":111,"column":47}},"65":{"start":{"line":112,"column":4},"end":{"line":114,"column":5}},"66":{"start":{"line":113,"column":6},"end":{"line":113,"column":67}},"67":{"start":{"line":115,"column":4},"end":{"line":122,"column":7}},"68":{"start":{"line":116,"column":6},"end":{"line":121,"column":7}},"69":{"start":{"line":117,"column":8},"end":{"line":117,"column":46}},"70":{"start":{"line":118,"column":8},"end":{"line":118,"column":36}},"71":{"start":{"line":120,"column":8},"end":{"line":120,"column":57}},"72":{"start":{"line":124,"column":4},"end":{"line":124,"column":71}},"73":{"start":{"line":128,"column":0},"end":{"line":134,"column":2}}},"fnMap":{"0":{"name":"(anonymous_0)","decl":{"start":{"line":6,"column":15},"end":{"line":6,"column":16}},"loc":{"start":{"line":6,"column":36},"end":{"line":39,"column":1}},"line":6},"1":{"name":"(anonymous_1)","decl":{"start":{"line":30,"column":39},"end":{"line":30,"column":40}},"loc":{"start":{"line":30,"column":49},"end":{"line":30,"column":57}},"line":30},"2":{"name":"(anonymous_2)","decl":{"start":{"line":41,"column":17},"end":{"line":41,"column":18}},"loc":{"start":{"line":41,"column":38},"end":{"line":54,"column":1}},"line":41},"3":{"name":"(anonymous_3)","decl":{"start":{"line":56,"column":20},"end":{"line":56,"column":21}},"loc":{"start":{"line":56,"column":41},"end":{"line":73,"column":1}},"line":56},"4":{"name":"(anonymous_4)","decl":{"start":{"line":63,"column":25},"end":{"line":63,"column":26}},"loc":{"start":{"line":63,"column":42},"end":{"line":69,"column":5}},"line":63},"5":{"name":"(anonymous_5)","decl":{"start":{"line":75,"column":23},"end":{"line":75,"column":24}},"loc":{"start":{"line":75,"column":44},"end":{"line":106,"column":1}},"line":75},"6":{"name":"(anonymous_6)","decl":{"start":{"line":85,"column":27},"end":{"line":85,"column":28}},"loc":{"start":{"line":85,"column":44},"end":{"line":101,"column":7}},"line":85},"7":{"name":"(anonymous_7)","decl":{"start":{"line":108,"column":23},"end":{"line":108,"column":24}},"loc":{"start":{"line":108,"column":44},"end":{"line":126,"column":1}},"line":108},"8":{"name":"(anonymous_8)","decl":{"start":{"line":115,"column":25},"end":{"line":115,"column":26}},"loc":{"start":{"line":115,"column":42},"end":{"line":122,"column":5}},"line":115}},"branchMap":{"0":{"loc":{"start":{"line":12,"column":2},"end":{"line":14,"column":3}},"type":"if","locations":[{"start":{"line":12,"column":2},"end":{"line":14,"column":3}},{"start":{"line":12,"column":2},"end":{"line":14,"column":3}}],"line":12},"1":{"loc":{"start":{"line":12,"column":6},"end":{"line":12,"column":25}},"type":"binary-expr","locations":[{"start":{"line":12,"column":6},"end":{"line":12,"column":12}},{"start":{"line":12,"column":16},"end":{"line":12,"column":25}}],"line":12},"2":{"loc":{"start":{"line":15,"column":2},"end":{"line":38,"column":3}},"type":"if","locations":[{"start":{"line":15,"column":2},"end":{"line":38,"column":3}},{"start":{"line":15,"column":2},"end":{"line":38,"column":3}}],"line":15},"3":{"loc":{"start":{"line":17,"column":9},"end":{"line":38,"column":3}},"type":"if","locations":[{"start":{"line":17,"column":9},"end":{"line":38,"column":3}},{"start":{"line":17,"column":9},"end":{"line":38,"column":3}}],"line":17},"4":{"loc":{"start":{"line":21,"column":4},"end":{"line":37,"column":5}},"type":"if","locations":[{"start":{"line":21,"column":4},"end":{"line":37,"column":5}},{"start":{"line":21,"column":4},"end":{"line":37,"column":5}}],"line":21},"5":{"loc":{"start":{"line":28,"column":6},"end":{"line":34,"column":7}},"type":"if","locations":[{"start":{"line":28,"column":6},"end":{"line":34,"column":7}},{"start":{"line":28,"column":6},"end":{"line":34,"column":7}}],"line":28},"6":{"loc":{"start":{"line":42,"column":16},"end":{"line":42,"column":51}},"type":"binary-expr","locations":[{"start":{"line":42,"column":16},"end":{"line":42,"column":45}},{"start":{"line":42,"column":49},"end":{"line":42,"column":51}}],"line":42},"7":{"loc":{"start":{"line":43,"column":15},"end":{"line":43,"column":48}},"type":"binary-expr","locations":[{"start":{"line":43,"column":15},"end":{"line":43,"column":43}},{"start":{"line":43,"column":47},"end":{"line":43,"column":48}}],"line":43},"8":{"loc":{"start":{"line":47,"column":10},"end":{"line":47,"column":105}},"type":"cond-expr","locations":[{"start":{"line":47,"column":33},"end":{"line":47,"column":97}},{"start":{"line":47,"column":100},"end":{"line":47,"column":105}}],"line":47},"9":{"loc":{"start":{"line":48,"column":10},"end":{"line":48,"column":105}},"type":"cond-expr","locations":[{"start":{"line":48,"column":33},"end":{"line":48,"column":97}},{"start":{"line":48,"column":100},"end":{"line":48,"column":105}}],"line":48},"10":{"loc":{"start":{"line":49,"column":10},"end":{"line":49,"column":115}},"type":"cond-expr","locations":[{"start":{"line":49,"column":32},"end":{"line":49,"column":107}},{"start":{"line":49,"column":110},"end":{"line":49,"column":115}}],"line":49},"11":{"loc":{"start":{"line":58,"column":2},"end":{"line":72,"column":3}},"type":"if","locations":[{"start":{"line":58,"column":2},"end":{"line":72,"column":3}},{"start":{"line":58,"column":2},"end":{"line":72,"column":3}}],"line":58},"12":{"loc":{"start":{"line":60,"column":4},"end":{"line":62,"column":5}},"type":"if","locations":[{"start":{"line":60,"column":4},"end":{"line":62,"column":5}},{"start":{"line":60,"column":4},"end":{"line":62,"column":5}}],"line":60},"13":{"loc":{"start":{"line":64,"column":6},"end":{"line":68,"column":7}},"type":"if","locations":[{"start":{"line":64,"column":6},"end":{"line":68,"column":7}},{"start":{"line":64,"column":6},"end":{"line":68,"column":7}}],"line":64},"14":{"loc":{"start":{"line":64,"column":10},"end":{"line":64,"column":54}},"type":"binary-expr","locations":[{"start":{"line":64,"column":11},"end":{"line":64,"column":25}},{"start":{"line":64,"column":31},"end":{"line":64,"column":53}}],"line":64},"15":{"loc":{"start":{"line":77,"column":2},"end":{"line":105,"column":3}},"type":"if","locations":[{"start":{"line":77,"column":2},"end":{"line":105,"column":3}},{"start":{"line":77,"column":2},"end":{"line":105,"column":3}}],"line":77},"16":{"loc":{"start":{"line":78,"column":4},"end":{"line":102,"column":5}},"type":"if","locations":[{"start":{"line":78,"column":4},"end":{"line":102,"column":5}},{"start":{"line":78,"column":4},"end":{"line":102,"column":5}}],"line":78},"17":{"loc":{"start":{"line":78,"column":8},"end":{"line":78,"column":97}},"type":"binary-expr","locations":[{"start":{"line":78,"column":9},"end":{"line":78,"column":43}},{"start":{"line":78,"column":48},"end":{"line":78,"column":69}},{"start":{"line":78,"column":73},"end":{"line":78,"column":97}}],"line":78},"18":{"loc":{"start":{"line":82,"column":6},"end":{"line":84,"column":7}},"type":"if","locations":[{"start":{"line":82,"column":6},"end":{"line":84,"column":7}},{"start":{"line":82,"column":6},"end":{"line":84,"column":7}}],"line":82},"19":{"loc":{"start":{"line":86,"column":8},"end":{"line":100,"column":9}},"type":"if","locations":[{"start":{"line":86,"column":8},"end":{"line":100,"column":9}},{"start":{"line":86,"column":8},"end":{"line":100,"column":9}}],"line":86},"20":{"loc":{"start":{"line":86,"column":12},"end":{"line":86,"column":56}},"type":"binary-expr","locations":[{"start":{"line":86,"column":13},"end":{"line":86,"column":27}},{"start":{"line":86,"column":33},"end":{"line":86,"column":55}}],"line":86},"21":{"loc":{"start":{"line":87,"column":10},"end":{"line":90,"column":11}},"type":"if","locations":[{"start":{"line":87,"column":10},"end":{"line":90,"column":11}},{"start":{"line":87,"column":10},"end":{"line":90,"column":11}}],"line":87},"22":{"loc":{"start":{"line":91,"column":10},"end":{"line":93,"column":11}},"type":"if","locations":[{"start":{"line":91,"column":10},"end":{"line":93,"column":11}},{"start":{"line":91,"column":10},"end":{"line":93,"column":11}}],"line":91},"23":{"loc":{"start":{"line":91,"column":14},"end":{"line":91,"column":47}},"type":"binary-expr","locations":[{"start":{"line":91,"column":14},"end":{"line":91,"column":29}},{"start":{"line":91,"column":33},"end":{"line":91,"column":47}}],"line":91},"24":{"loc":{"start":{"line":110,"column":2},"end":{"line":125,"column":3}},"type":"if","locations":[{"start":{"line":110,"column":2},"end":{"line":125,"column":3}},{"start":{"line":110,"column":2},"end":{"line":125,"column":3}}],"line":110},"25":{"loc":{"start":{"line":112,"column":4},"end":{"line":114,"column":5}},"type":"if","locations":[{"start":{"line":112,"column":4},"end":{"line":114,"column":5}},{"start":{"line":112,"column":4},"end":{"line":114,"column":5}}],"line":112},"26":{"loc":{"start":{"line":116,"column":6},"end":{"line":121,"column":7}},"type":"if","locations":[{"start":{"line":116,"column":6},"end":{"line":121,"column":7}},{"start":{"line":116,"column":6},"end":{"line":121,"column":7}}],"line":116},"27":{"loc":{"start":{"line":116,"column":10},"end":{"line":116,"column":54}},"type":"binary-expr","locations":[{"start":{"line":116,"column":11},"end":{"line":116,"column":25}},{"start":{"line":116,"column":31},"end":{"line":116,"column":53}}],"line":116}},"s":{"0":1,"1":1,"2":1,"3":1,"4":1,"5":0,"6":0,"7":0,"8":0,"9":0,"10":0,"11":0,"12":0,"13":0,"14":0,"15":0,"16":0,"17":0,"18":0,"19":0,"20":0,"21":0,"22":0,"23":0,"24":1,"25":0,"26":0,"27":0,"28":0,"29":0,"30":0,"31":1,"32":0,"33":0,"34":0,"35":0,"36":0,"37":0,"38":0,"39":0,"40":0,"41":0,"42":1,"43":0,"44":0,"45":0,"46":0,"47":0,"48":0,"49":0,"50":0,"51":0,"52":0,"53":0,"54":0,"55":0,"56":0,"57":0,"58":0,"59":0,"60":0,"61":1,"62":0,"63":0,"64":0,"65":0,"66":0,"67":0,"68":0,"69":0,"70":0,"71":0,"72":0,"73":1},"f":{"0":0,"1":0,"2":0,"3":0,"4":0,"5":0,"6":0,"7":0,"8":0},"b":{"0":[0,0],"1":[0,0],"2":[0,0],"3":[0,0],"4":[0,0],"5":[0,0],"6":[0,0],"7":[0,0],"8":[0,0],"9":[0,0],"10":[0,0],"11":[0,0],"12":[0,0],"13":[0,0],"14":[0,0],"15":[0,0],"16":[0,0],"17":[0,0,0],"18":[0,0],"19":[0,0],"20":[0,0],"21":[0,0],"22":[0,0],"23":[0,0],"24":[0,0],"25":[0,0],"26":[0,0],"27":[0,0]},"_coverageSchema":"1a1c01bbd47fc00a2c39e90264f33305004495a9","hash":"56758f01a85d36053c5f74575d36d3f818c7e921"}
,"C:\\Users\\user\\Desktop\\LABORATORIA\\LIM015-burger-queen-api\\src\\libs\\initialSetup.js": {"path":"C:\\Users\\user\\Desktop\\LABORATORIA\\LIM015-burger-queen-api\\src\\libs\\initialSetup.js","statementMap":{"0":{"start":{"line":1,"column":13},"end":{"line":1,"column":39}},"1":{"start":{"line":3,"column":20},"end":{"line":14,"column":1}},"2":{"start":{"line":4,"column":2},"end":{"line":13,"column":3}},"3":{"start":{"line":5,"column":18},"end":{"line":5,"column":53}},"4":{"start":{"line":6,"column":4},"end":{"line":6,"column":26}},"5":{"start":{"line":6,"column":19},"end":{"line":6,"column":26}},"6":{"start":{"line":7,"column":4},"end":{"line":10,"column":7}},"7":{"start":{"line":12,"column":4},"end":{"line":12,"column":25}},"8":{"start":{"line":16,"column":0},"end":{"line":16,"column":33}}},"fnMap":{"0":{"name":"(anonymous_0)","decl":{"start":{"line":3,"column":20},"end":{"line":3,"column":21}},"loc":{"start":{"line":3,"column":32},"end":{"line":14,"column":1}},"line":3}},"branchMap":{"0":{"loc":{"start":{"line":6,"column":4},"end":{"line":6,"column":26}},"type":"if","locations":[{"start":{"line":6,"column":4},"end":{"line":6,"column":26}},{"start":{"line":6,"column":4},"end":{"line":6,"column":26}}],"line":6}},"s":{"0":1,"1":1,"2":1,"3":1,"4":1,"5":1,"6":0,"7":0,"8":1},"f":{"0":1},"b":{"0":[1,0]},"_coverageSchema":"1a1c01bbd47fc00a2c39e90264f33305004495a9","hash":"68a89122c57b569d4de7bd33a05770aaabf585c9"}
,"C:\\Users\\user\\Desktop\\LABORATORIA\\LIM015-burger-queen-api\\src\\middleware\\auth.js": {"path":"C:\\Users\\user\\Desktop\\LABORATORIA\\LIM015-burger-queen-api\\src\\middleware\\auth.js","statementMap":{"0":{"start":{"line":1,"column":12},"end":{"line":1,"column":35}},"1":{"start":{"line":2,"column":19},"end":{"line":2,"column":39}},"2":{"start":{"line":3,"column":13},"end":{"line":3,"column":39}},"3":{"start":{"line":4,"column":13},"end":{"line":4,"column":39}},"4":{"start":{"line":52,"column":22},"end":{"line":71,"column":1}},"5":{"start":{"line":53,"column":2},"end":{"line":70,"column":3}},"6":{"start":{"line":54,"column":22},"end":{"line":54,"column":33}},"7":{"start":{"line":56,"column":4},"end":{"line":58,"column":5}},"8":{"start":{"line":57,"column":6},"end":{"line":57,"column":69}},"9":{"start":{"line":60,"column":20},"end":{"line":60,"column":45}},"10":{"start":{"line":61,"column":4},"end":{"line":61,"column":28}},"11":{"start":{"line":67,"column":4},"end":{"line":67,"column":11}},"12":{"start":{"line":69,"column":4},"end":{"line":69,"column":63}},"13":{"start":{"line":73,"column":16},"end":{"line":83,"column":1}},"14":{"start":{"line":74,"column":15},"end":{"line":74,"column":46}},"15":{"start":{"line":75,"column":16},"end":{"line":75,"column":61}},"16":{"start":{"line":76,"column":2},"end":{"line":82,"column":5}},"17":{"start":{"line":77,"column":4},"end":{"line":81,"column":5}},"18":{"start":{"line":78,"column":6},"end":{"line":78,"column":13}},"19":{"start":{"line":80,"column":6},"end":{"line":80,"column":68}},"20":{"start":{"line":85,"column":19},"end":{"line":97,"column":1}},"21":{"start":{"line":86,"column":15},"end":{"line":86,"column":46}},"22":{"start":{"line":87,"column":16},"end":{"line":87,"column":61}},"23":{"start":{"line":88,"column":14},"end":{"line":88,"column":19}},"24":{"start":{"line":89,"column":2},"end":{"line":95,"column":5}},"25":{"start":{"line":90,"column":4},"end":{"line":94,"column":5}},"26":{"start":{"line":91,"column":6},"end":{"line":91,"column":19}},"27":{"start":{"line":93,"column":6},"end":{"line":93,"column":20}},"28":{"start":{"line":96,"column":2},"end":{"line":96,"column":15}},"29":{"start":{"line":99,"column":0},"end":{"line":99,"column":56}}},"fnMap":{"0":{"name":"(anonymous_0)","decl":{"start":{"line":52,"column":22},"end":{"line":52,"column":23}},"loc":{"start":{"line":52,"column":49},"end":{"line":71,"column":1}},"line":52},"1":{"name":"(anonymous_1)","decl":{"start":{"line":73,"column":16},"end":{"line":73,"column":17}},"loc":{"start":{"line":73,"column":43},"end":{"line":83,"column":1}},"line":73},"2":{"name":"(anonymous_2)","decl":{"start":{"line":76,"column":16},"end":{"line":76,"column":17}},"loc":{"start":{"line":76,"column":26},"end":{"line":82,"column":3}},"line":76},"3":{"name":"(anonymous_3)","decl":{"start":{"line":85,"column":19},"end":{"line":85,"column":20}},"loc":{"start":{"line":85,"column":34},"end":{"line":97,"column":1}},"line":85},"4":{"name":"(anonymous_4)","decl":{"start":{"line":89,"column":16},"end":{"line":89,"column":17}},"loc":{"start":{"line":89,"column":26},"end":{"line":95,"column":3}},"line":89}},"branchMap":{"0":{"loc":{"start":{"line":56,"column":4},"end":{"line":58,"column":5}},"type":"if","locations":[{"start":{"line":56,"column":4},"end":{"line":58,"column":5}},{"start":{"line":56,"column":4},"end":{"line":58,"column":5}}],"line":56},"1":{"loc":{"start":{"line":77,"column":4},"end":{"line":81,"column":5}},"type":"if","locations":[{"start":{"line":77,"column":4},"end":{"line":81,"column":5}},{"start":{"line":77,"column":4},"end":{"line":81,"column":5}}],"line":77},"2":{"loc":{"start":{"line":90,"column":4},"end":{"line":94,"column":5}},"type":"if","locations":[{"start":{"line":90,"column":4},"end":{"line":94,"column":5}},{"start":{"line":90,"column":4},"end":{"line":94,"column":5}}],"line":90}},"s":{"0":1,"1":1,"2":1,"3":1,"4":1,"5":9,"6":9,"7":9,"8":3,"9":6,"10":6,"11":6,"12":0,"13":1,"14":3,"15":3,"16":3,"17":3,"18":2,"19":1,"20":1,"21":0,"22":0,"23":0,"24":0,"25":0,"26":0,"27":0,"28":0,"29":1},"f":{"0":9,"1":3,"2":3,"3":0,"4":0},"b":{"0":[3,6],"1":[2,1],"2":[0,0]},"_coverageSchema":"1a1c01bbd47fc00a2c39e90264f33305004495a9","hash":"1bbba44e4acc255ec4b76e183385eee6ec9f0dfa"}
,"C:\\Users\\user\\Desktop\\LABORATORIA\\LIM015-burger-queen-api\\src\\middleware\\error.js": {"path":"C:\\Users\\user\\Desktop\\LABORATORIA\\LIM015-burger-queen-api\\src\\middleware\\error.js","statementMap":{"0":{"start":{"line":1,"column":19},"end":{"line":7,"column":1}},"1":{"start":{"line":9,"column":31},"end":{"line":11,"column":1}},"2":{"start":{"line":10,"column":2},"end":{"line":10,"column":75}},"3":{"start":{"line":14,"column":0},"end":{"line":26,"column":2}},"4":{"start":{"line":15,"column":21},"end":{"line":17,"column":27}},"5":{"start":{"line":18,"column":18},"end":{"line":18,"column":62}},"6":{"start":{"line":20,"column":2},"end":{"line":22,"column":3}},"7":{"start":{"line":21,"column":4},"end":{"line":21,"column":39}},"8":{"start":{"line":24,"column":2},"end":{"line":24,"column":56}},"9":{"start":{"line":25,"column":2},"end":{"line":25,"column":9}}},"fnMap":{"0":{"name":"(anonymous_0)","decl":{"start":{"line":9,"column":31},"end":{"line":9,"column":32}},"loc":{"start":{"line":10,"column":2},"end":{"line":10,"column":75}},"line":10},"1":{"name":"(anonymous_1)","decl":{"start":{"line":14,"column":17},"end":{"line":14,"column":18}},"loc":{"start":{"line":14,"column":43},"end":{"line":26,"column":1}},"line":14}},"branchMap":{"0":{"loc":{"start":{"line":10,"column":2},"end":{"line":10,"column":75}},"type":"binary-expr","locations":[{"start":{"line":10,"column":2},"end":{"line":10,"column":25}},{"start":{"line":10,"column":29},"end":{"line":10,"column":75}}],"line":10},"1":{"loc":{"start":{"line":15,"column":21},"end":{"line":17,"column":27}},"type":"cond-expr","locations":[{"start":{"line":16,"column":6},"end":{"line":16,"column":9}},{"start":{"line":17,"column":6},"end":{"line":17,"column":27}}],"line":15},"2":{"loc":{"start":{"line":17,"column":6},"end":{"line":17,"column":27}},"type":"binary-expr","locations":[{"start":{"line":17,"column":6},"end":{"line":17,"column":20}},{"start":{"line":17,"column":24},"end":{"line":17,"column":27}}],"line":17},"3":{"loc":{"start":{"line":18,"column":18},"end":{"line":18,"column":62}},"type":"binary-expr","locations":[{"start":{"line":18,"column":18},"end":{"line":18,"column":29}},{"start":{"line":18,"column":33},"end":{"line":18,"column":55}},{"start":{"line":18,"column":59},"end":{"line":18,"column":62}}],"line":18},"4":{"loc":{"start":{"line":20,"column":2},"end":{"line":22,"column":3}},"type":"if","locations":[{"start":{"line":20,"column":2},"end":{"line":22,"column":3}},{"start":{"line":20,"column":2},"end":{"line":22,"column":3}}],"line":20}},"s":{"0":1,"1":1,"2":0,"3":1,"4":0,"5":0,"6":0,"7":0,"8":0,"9":0},"f":{"0":0,"1":0},"b":{"0":[0,0],"1":[0,0],"2":[0,0],"3":[0,0,0],"4":[0,0]},"_coverageSchema":"1a1c01bbd47fc00a2c39e90264f33305004495a9","hash":"24cb89848075cc1963b88bc9742e2d189b66ff72"}
,"C:\\Users\\user\\Desktop\\LABORATORIA\\LIM015-burger-queen-api\\src\\models\\Orders.js": {"path":"C:\\Users\\user\\Desktop\\LABORATORIA\\LIM015-burger-queen-api\\src\\models\\Orders.js","statementMap":{"0":{"start":{"line":1,"column":17},"end":{"line":1,"column":36}},"1":{"start":{"line":3,"column":19},"end":{"line":3,"column":27}},"2":{"start":{"line":4,"column":25},"end":{"line":4,"column":56}},"3":{"start":{"line":6,"column":20},"end":{"line":41,"column":2}},"4":{"start":{"line":43,"column":0},"end":{"line":43,"column":37}},"5":{"start":{"line":45,"column":0},"end":{"line":45,"column":54}}},"fnMap":{},"branchMap":{},"s":{"0":1,"1":1,"2":1,"3":1,"4":1,"5":1},"f":{},"b":{},"_coverageSchema":"1a1c01bbd47fc00a2c39e90264f33305004495a9","hash":"5bc3405ca9d8d0673109841597b6631d40d061eb"}
,"C:\\Users\\user\\Desktop\\LABORATORIA\\LIM015-burger-queen-api\\src\\models\\Products.js": {"path":"C:\\Users\\user\\Desktop\\LABORATORIA\\LIM015-burger-queen-api\\src\\models\\Products.js","statementMap":{"0":{"start":{"line":3,"column":17},"end":{"line":3,"column":36}},"1":{"start":{"line":4,"column":25},"end":{"line":4,"column":56}},"2":{"start":{"line":6,"column":19},"end":{"line":6,"column":27}},"3":{"start":{"line":8,"column":22},"end":{"line":28,"column":2}},"4":{"start":{"line":30,"column":0},"end":{"line":30,"column":39}},"5":{"start":{"line":32,"column":0},"end":{"line":32,"column":58}}},"fnMap":{},"branchMap":{},"s":{"0":1,"1":1,"2":1,"3":1,"4":1,"5":1},"f":{},"b":{},"_coverageSchema":"1a1c01bbd47fc00a2c39e90264f33305004495a9","hash":"949206ed4c63277360674e0a34f96edd679e10a9"}
,"C:\\Users\\user\\Desktop\\LABORATORIA\\LIM015-burger-queen-api\\src\\models\\Roles.js": {"path":"C:\\Users\\user\\Desktop\\LABORATORIA\\LIM015-burger-queen-api\\src\\models\\Roles.js","statementMap":{"0":{"start":{"line":1,"column":17},"end":{"line":1,"column":36}},"1":{"start":{"line":3,"column":19},"end":{"line":3,"column":27}},"2":{"start":{"line":5,"column":19},"end":{"line":12,"column":1}},"3":{"start":{"line":14,"column":0},"end":{"line":14,"column":52}}},"fnMap":{},"branchMap":{},"s":{"0":1,"1":1,"2":1,"3":1},"f":{},"b":{},"_coverageSchema":"1a1c01bbd47fc00a2c39e90264f33305004495a9","hash":"6b3ad05c15f48fe2f3c10d33f0514311cc8e7b2f"}
,"C:\\Users\\user\\Desktop\\LABORATORIA\\LIM015-burger-queen-api\\src\\models\\Users.js": {"path":"C:\\Users\\user\\Desktop\\LABORATORIA\\LIM015-burger-queen-api\\src\\models\\Users.js","statementMap":{"0":{"start":{"line":1,"column":17},"end":{"line":1,"column":36}},"1":{"start":{"line":2,"column":15},"end":{"line":2,"column":32}},"2":{"start":{"line":3,"column":25},"end":{"line":3,"column":56}},"3":{"start":{"line":5,"column":19},"end":{"line":5,"column":27}},"4":{"start":{"line":7,"column":19},"end":{"line":25,"column":2}},"5":{"start":{"line":27,"column":0},"end":{"line":31,"column":2}},"6":{"start":{"line":28,"column":15},"end":{"line":28,"column":39}},"7":{"start":{"line":29,"column":28},"end":{"line":29,"column":61}},"8":{"start":{"line":30,"column":2},"end":{"line":30,"column":27}},"9":{"start":{"line":33,"column":0},"end":{"line":36,"column":2}},"10":{"start":{"line":34,"column":27},"end":{"line":34,"column":75}},"11":{"start":{"line":35,"column":2},"end":{"line":35,"column":26}},"12":{"start":{"line":38,"column":0},"end":{"line":38,"column":36}},"13":{"start":{"line":40,"column":0},"end":{"line":40,"column":52}}},"fnMap":{"0":{"name":"(anonymous_0)","decl":{"start":{"line":27,"column":37},"end":{"line":27,"column":38}},"loc":{"start":{"line":27,"column":57},"end":{"line":31,"column":1}},"line":27},"1":{"name":"(anonymous_1)","decl":{"start":{"line":33,"column":37},"end":{"line":33,"column":38}},"loc":{"start":{"line":33,"column":75},"end":{"line":36,"column":1}},"line":33}},"branchMap":{},"s":{"0":1,"1":1,"2":1,"3":1,"4":1,"5":1,"6":0,"7":0,"8":0,"9":1,"10":0,"11":0,"12":1,"13":1},"f":{"0":0,"1":0},"b":{},"_coverageSchema":"1a1c01bbd47fc00a2c39e90264f33305004495a9","hash":"ee5e9ec74554ee0a80f3cefe91797f0ecda439f9"}
,"C:\\Users\\user\\Desktop\\LABORATORIA\\LIM015-burger-queen-api\\src\\routes\\auth.js": {"path":"C:\\Users\\user\\Desktop\\LABORATORIA\\LIM015-burger-queen-api\\src\\routes\\auth.js","statementMap":{"0":{"start":{"line":3,"column":17},"end":{"line":3,"column":46}},"1":{"start":{"line":9,"column":0},"end":{"line":24,"column":2}},"2":{"start":{"line":22,"column":2},"end":{"line":22,"column":26}},"3":{"start":{"line":23,"column":2},"end":{"line":23,"column":20}}},"fnMap":{"0":{"name":"(anonymous_0)","decl":{"start":{"line":9,"column":17},"end":{"line":9,"column":18}},"loc":{"start":{"line":9,"column":36},"end":{"line":24,"column":1}},"line":9}},"branchMap":{},"s":{"0":1,"1":1,"2":1,"3":1},"f":{"0":1},"b":{},"_coverageSchema":"1a1c01bbd47fc00a2c39e90264f33305004495a9","hash":"0b6dd96c7aa139d3cc7dca30df947be4fb0f4987"}
,"C:\\Users\\user\\Desktop\\LABORATORIA\\LIM015-burger-queen-api\\src\\routes\\index.js": {"path":"C:\\Users\\user\\Desktop\\LABORATORIA\\LIM015-burger-queen-api\\src\\routes\\index.js","statementMap":{"0":{"start":{"line":1,"column":13},"end":{"line":1,"column":30}},"1":{"start":{"line":2,"column":14},"end":{"line":2,"column":32}},"2":{"start":{"line":3,"column":17},"end":{"line":3,"column":38}},"3":{"start":{"line":4,"column":15},"end":{"line":4,"column":34}},"4":{"start":{"line":6,"column":13},"end":{"line":11,"column":1}},"5":{"start":{"line":7,"column":14},"end":{"line":7,"column":28}},"6":{"start":{"line":8,"column":2},"end":{"line":8,"column":81}},"7":{"start":{"line":8,"column":29},"end":{"line":8,"column":79}},"8":{"start":{"line":9,"column":2},"end":{"line":9,"column":53}},"9":{"start":{"line":9,"column":39},"end":{"line":9,"column":51}},"10":{"start":{"line":10,"column":2},"end":{"line":10,"column":16}},"11":{"start":{"line":14,"column":17},"end":{"line":25,"column":1}},"12":{"start":{"line":15,"column":2},"end":{"line":17,"column":3}},"13":{"start":{"line":16,"column":4},"end":{"line":16,"column":16}},"14":{"start":{"line":19,"column":2},"end":{"line":24,"column":5}},"15":{"start":{"line":20,"column":4},"end":{"line":22,"column":5}},"16":{"start":{"line":21,"column":6},"end":{"line":21,"column":21}},"17":{"start":{"line":23,"column":4},"end":{"line":23,"column":46}},"18":{"start":{"line":27,"column":0},"end":{"line":33,"column":9}},"19":{"start":{"line":27,"column":32},"end":{"line":33,"column":8}}},"fnMap":{"0":{"name":"(anonymous_0)","decl":{"start":{"line":6,"column":13},"end":{"line":6,"column":14}},"loc":{"start":{"line":6,"column":28},"end":{"line":11,"column":1}},"line":6},"1":{"name":"(anonymous_1)","decl":{"start":{"line":8,"column":15},"end":{"line":8,"column":16}},"loc":{"start":{"line":8,"column":29},"end":{"line":8,"column":79}},"line":8},"2":{"name":"(anonymous_2)","decl":{"start":{"line":9,"column":15},"end":{"line":9,"column":16}},"loc":{"start":{"line":9,"column":39},"end":{"line":9,"column":51}},"line":9},"3":{"name":"(anonymous_3)","decl":{"start":{"line":14,"column":17},"end":{"line":14,"column":18}},"loc":{"start":{"line":14,"column":38},"end":{"line":25,"column":1}},"line":14},"4":{"name":"(anonymous_4)","decl":{"start":{"line":19,"column":17},"end":{"line":19,"column":18}},"loc":{"start":{"line":19,"column":26},"end":{"line":24,"column":3}},"line":19},"5":{"name":"(anonymous_5)","decl":{"start":{"line":27,"column":17},"end":{"line":27,"column":18}},"loc":{"start":{"line":27,"column":32},"end":{"line":33,"column":8}},"line":27}},"branchMap":{"0":{"loc":{"start":{"line":15,"column":2},"end":{"line":17,"column":3}},"type":"if","locations":[{"start":{"line":15,"column":2},"end":{"line":17,"column":3}},{"start":{"line":15,"column":2},"end":{"line":17,"column":3}}],"line":15},"1":{"loc":{"start":{"line":20,"column":4},"end":{"line":22,"column":5}},"type":"if","locations":[{"start":{"line":20,"column":4},"end":{"line":22,"column":5}},{"start":{"line":20,"column":4},"end":{"line":22,"column":5}}],"line":20}},"s":{"0":1,"1":1,"2":1,"3":1,"4":1,"5":1,"6":1,"7":0,"8":1,"9":0,"10":1,"11":1,"12":6,"13":1,"14":5,"15":6,"16":1,"17":5,"18":1,"19":1},"f":{"0":1,"1":0,"2":0,"3":6,"4":6,"5":1},"b":{"0":[1,5],"1":[1,5]},"_coverageSchema":"1a1c01bbd47fc00a2c39e90264f33305004495a9","hash":"51dd140fb9fc762c32d25a3e7eab2fb61a1b0994"}
,"C:\\Users\\user\\Desktop\\LABORATORIA\\LIM015-burger-queen-api\\src\\routes\\orders.js": {"path":"C:\\Users\\user\\Desktop\\LABORATORIA\\LIM015-burger-queen-api\\src\\routes\\orders.js","statementMap":{"0":{"start":{"line":11,"column":4},"end":{"line":11,"column":35}},"1":{"start":{"line":12,"column":26},"end":{"line":12,"column":55}},"2":{"start":{"line":15,"column":0},"end":{"line":149,"column":2}},"3":{"start":{"line":42,"column":2},"end":{"line":42,"column":47}},"4":{"start":{"line":65,"column":2},"end":{"line":65,"column":59}},"5":{"start":{"line":93,"column":2},"end":{"line":93,"column":50}},"6":{"start":{"line":123,"column":2},"end":{"line":123,"column":62}},"7":{"start":{"line":146,"column":2},"end":{"line":146,"column":50}},"8":{"start":{"line":148,"column":2},"end":{"line":148,"column":13}}},"fnMap":{"0":{"name":"(anonymous_0)","decl":{"start":{"line":15,"column":17},"end":{"line":15,"column":18}},"loc":{"start":{"line":15,"column":36},"end":{"line":149,"column":1}},"line":15}},"branchMap":{},"s":{"0":1,"1":1,"2":1,"3":1,"4":1,"5":1,"6":1,"7":1,"8":1},"f":{"0":1},"b":{},"_coverageSchema":"1a1c01bbd47fc00a2c39e90264f33305004495a9","hash":"fa5c28c6590d3f276f8429891d9ded98f993685c"}
,"C:\\Users\\user\\Desktop\\LABORATORIA\\LIM015-burger-queen-api\\src\\routes\\products.js": {"path":"C:\\Users\\user\\Desktop\\LABORATORIA\\LIM015-burger-queen-api\\src\\routes\\products.js","statementMap":{"0":{"start":{"line":12,"column":4},"end":{"line":12,"column":37}},"1":{"start":{"line":13,"column":35},"end":{"line":13,"column":64}},"2":{"start":{"line":17,"column":0},"end":{"line":131,"column":2}},"3":{"start":{"line":40,"column":2},"end":{"line":40,"column":51}},"4":{"start":{"line":59,"column":2},"end":{"line":59,"column":65}},"5":{"start":{"line":83,"column":2},"end":{"line":83,"column":63}},"6":{"start":{"line":108,"column":2},"end":{"line":108,"column":77}},"7":{"start":{"line":128,"column":2},"end":{"line":128,"column":80}},"8":{"start":{"line":130,"column":2},"end":{"line":130,"column":13}}},"fnMap":{"0":{"name":"(anonymous_0)","decl":{"start":{"line":17,"column":17},"end":{"line":17,"column":18}},"loc":{"start":{"line":17,"column":36},"end":{"line":131,"column":1}},"line":17}},"branchMap":{},"s":{"0":1,"1":1,"2":1,"3":1,"4":1,"5":1,"6":1,"7":1,"8":1},"f":{"0":1},"b":{},"_coverageSchema":"1a1c01bbd47fc00a2c39e90264f33305004495a9","hash":"2acdfa48b6d8976f53a4012fa3ca7b5376d116a1"}
,"C:\\Users\\user\\Desktop\\LABORATORIA\\LIM015-burger-queen-api\\src\\routes\\users.js": {"path":"C:\\Users\\user\\Desktop\\LABORATORIA\\LIM015-burger-queen-api\\src\\routes\\users.js","statementMap":{"0":{"start":{"line":2,"column":15},"end":{"line":2,"column":32}},"1":{"start":{"line":3,"column":13},"end":{"line":3,"column":39}},"2":{"start":{"line":4,"column":13},"end":{"line":4,"column":39}},"3":{"start":{"line":11,"column":4},"end":{"line":11,"column":34}},"4":{"start":{"line":12,"column":35},"end":{"line":12,"column":64}},"5":{"start":{"line":23,"column":22},"end":{"line":71,"column":1}},"6":{"start":{"line":24,"column":40},"end":{"line":24,"column":57}},"7":{"start":{"line":25,"column":2},"end":{"line":27,"column":3}},"8":{"start":{"line":26,"column":4},"end":{"line":26,"column":18}},"9":{"start":{"line":34,"column":20},"end":{"line":38,"column":3}},"10":{"start":{"line":41,"column":21},"end":{"line":41,"column":56}},"11":{"start":{"line":43,"column":2},"end":{"line":67,"column":7}},"12":{"start":{"line":46,"column":6},"end":{"line":49,"column":7}},"13":{"start":{"line":48,"column":8},"end":{"line":48,"column":25}},"14":{"start":{"line":51,"column":25},"end":{"line":51,"column":40}},"15":{"start":{"line":52,"column":25},"end":{"line":52,"column":65}},"16":{"start":{"line":53,"column":6},"end":{"line":61,"column":11}},"17":{"start":{"line":55,"column":10},"end":{"line":55,"column":56}},"18":{"start":{"line":55,"column":46},"end":{"line":55,"column":54}},"19":{"start":{"line":57,"column":24},"end":{"line":57,"column":43}},"20":{"start":{"line":58,"column":10},"end":{"line":58,"column":23}},"21":{"start":{"line":59,"column":10},"end":{"line":59,"column":45}},"22":{"start":{"line":60,"column":10},"end":{"line":60,"column":17}},"23":{"start":{"line":64,"column":6},"end":{"line":66,"column":7}},"24":{"start":{"line":65,"column":8},"end":{"line":65,"column":37}},"25":{"start":{"line":68,"column":2},"end":{"line":68,"column":9}},"26":{"start":{"line":100,"column":0},"end":{"line":208,"column":2}},"27":{"start":{"line":123,"column":2},"end":{"line":123,"column":54}},"28":{"start":{"line":141,"column":2},"end":{"line":141,"column":53}},"29":{"start":{"line":162,"column":2},"end":{"line":162,"column":54}},"30":{"start":{"line":187,"column":2},"end":{"line":187,"column":56}},"31":{"start":{"line":205,"column":2},"end":{"line":205,"column":59}},"32":{"start":{"line":207,"column":2},"end":{"line":207,"column":27}}},"fnMap":{"0":{"name":"(anonymous_0)","decl":{"start":{"line":23,"column":22},"end":{"line":23,"column":23}},"loc":{"start":{"line":23,"column":37},"end":{"line":71,"column":1}},"line":23},"1":{"name":"(anonymous_1)","decl":{"start":{"line":44,"column":10},"end":{"line":44,"column":11}},"loc":{"start":{"line":44,"column":19},"end":{"line":62,"column":5}},"line":44},"2":{"name":"(anonymous_2)","decl":{"start":{"line":54,"column":14},"end":{"line":54,"column":15}},"loc":{"start":{"line":54,"column":23},"end":{"line":61,"column":9}},"line":54},"3":{"name":"(anonymous_3)","decl":{"start":{"line":55,"column":36},"end":{"line":55,"column":37}},"loc":{"start":{"line":55,"column":46},"end":{"line":55,"column":54}},"line":55},"4":{"name":"(anonymous_4)","decl":{"start":{"line":63,"column":11},"end":{"line":63,"column":12}},"loc":{"start":{"line":63,"column":22},"end":{"line":67,"column":5}},"line":63},"5":{"name":"(anonymous_5)","decl":{"start":{"line":100,"column":17},"end":{"line":100,"column":18}},"loc":{"start":{"line":100,"column":32},"end":{"line":208,"column":1}},"line":100}},"branchMap":{"0":{"loc":{"start":{"line":25,"column":2},"end":{"line":27,"column":3}},"type":"if","locations":[{"start":{"line":25,"column":2},"end":{"line":27,"column":3}},{"start":{"line":25,"column":2},"end":{"line":27,"column":3}}],"line":25},"1":{"loc":{"start":{"line":25,"column":6},"end":{"line":25,"column":35}},"type":"binary-expr","locations":[{"start":{"line":25,"column":6},"end":{"line":25,"column":17}},{"start":{"line":25,"column":21},"end":{"line":25,"column":35}}],"line":25},"2":{"loc":{"start":{"line":46,"column":6},"end":{"line":49,"column":7}},"type":"if","locations":[{"start":{"line":46,"column":6},"end":{"line":49,"column":7}},{"start":{"line":46,"column":6},"end":{"line":49,"column":7}}],"line":46},"3":{"loc":{"start":{"line":64,"column":6},"end":{"line":66,"column":7}},"type":"if","locations":[{"start":{"line":64,"column":6},"end":{"line":66,"column":7}},{"start":{"line":64,"column":6},"end":{"line":66,"column":7}}],"line":64}},"s":{"0":1,"1":1,"2":1,"3":1,"4":1,"5":1,"6":1,"7":1,"8":0,"9":1,"10":1,"11":1,"12":1,"13":1,"14":0,"15":0,"16":0,"17":0,"18":0,"19":0,"20":0,"21":0,"22":0,"23":1,"24":0,"25":1,"26":1,"27":1,"28":1,"29":1,"30":1,"31":1,"32":1},"f":{"0":1,"1":1,"2":0,"3":0,"4":1,"5":1},"b":{"0":[0,1],"1":[1,1],"2":[1,0],"3":[0,1]},"_coverageSchema":"1a1c01bbd47fc00a2c39e90264f33305004495a9","hash":"d8695922a1e84f3a832e790c8ce3b893fd4c04bc"}
,"C:\\Users\\user\\Desktop\\LABORATORIA\\LIM015-burger-queen-api\\src\\utils\\utils.js": {"path":"C:\\Users\\user\\Desktop\\LABORATORIA\\LIM015-burger-queen-api\\src\\utils\\utils.js","statementMap":{"0":{"start":{"line":1,"column":25},"end":{"line":11,"column":1}},"1":{"start":{"line":2,"column":22},"end":{"line":2,"column":77}},"2":{"start":{"line":3,"column":18},"end":{"line":3,"column":49}},"3":{"start":{"line":4,"column":2},"end":{"line":6,"column":3}},"4":{"start":{"line":5,"column":4},"end":{"line":5,"column":32}},"5":{"start":{"line":7,"column":2},"end":{"line":9,"column":3}},"6":{"start":{"line":8,"column":4},"end":{"line":8,"column":30}},"7":{"start":{"line":10,"column":2},"end":{"line":10,"column":15}},"8":{"start":{"line":13,"column":20},"end":{"line":19,"column":1}},"9":{"start":{"line":14,"column":22},"end":{"line":14,"column":77}},"10":{"start":{"line":15,"column":2},"end":{"line":17,"column":3}},"11":{"start":{"line":16,"column":4},"end":{"line":16,"column":16}},"12":{"start":{"line":18,"column":2},"end":{"line":18,"column":15}},"13":{"start":{"line":21,"column":23},"end":{"line":27,"column":1}},"14":{"start":{"line":22,"column":21},"end":{"line":22,"column":64}},"15":{"start":{"line":23,"column":2},"end":{"line":25,"column":3}},"16":{"start":{"line":24,"column":4},"end":{"line":24,"column":16}},"17":{"start":{"line":26,"column":2},"end":{"line":26,"column":15}},"18":{"start":{"line":29,"column":17},"end":{"line":35,"column":1}},"19":{"start":{"line":30,"column":18},"end":{"line":30,"column":49}},"20":{"start":{"line":31,"column":2},"end":{"line":33,"column":3}},"21":{"start":{"line":32,"column":4},"end":{"line":32,"column":16}},"22":{"start":{"line":34,"column":2},"end":{"line":34,"column":15}},"23":{"start":{"line":37,"column":0},"end":{"line":42,"column":2}}},"fnMap":{"0":{"name":"(anonymous_0)","decl":{"start":{"line":1,"column":25},"end":{"line":1,"column":26}},"loc":{"start":{"line":1,"column":40},"end":{"line":11,"column":1}},"line":1},"1":{"name":"(anonymous_1)","decl":{"start":{"line":13,"column":20},"end":{"line":13,"column":21}},"loc":{"start":{"line":13,"column":31},"end":{"line":19,"column":1}},"line":13},"2":{"name":"(anonymous_2)","decl":{"start":{"line":21,"column":23},"end":{"line":21,"column":24}},"loc":{"start":{"line":21,"column":37},"end":{"line":27,"column":1}},"line":21},"3":{"name":"(anonymous_3)","decl":{"start":{"line":29,"column":17},"end":{"line":29,"column":18}},"loc":{"start":{"line":29,"column":25},"end":{"line":35,"column":1}},"line":29}},"branchMap":{"0":{"loc":{"start":{"line":4,"column":2},"end":{"line":6,"column":3}},"type":"if","locations":[{"start":{"line":4,"column":2},"end":{"line":6,"column":3}},{"start":{"line":4,"column":2},"end":{"line":6,"column":3}}],"line":4},"1":{"loc":{"start":{"line":7,"column":2},"end":{"line":9,"column":3}},"type":"if","locations":[{"start":{"line":7,"column":2},"end":{"line":9,"column":3}},{"start":{"line":7,"column":2},"end":{"line":9,"column":3}}],"line":7},"2":{"loc":{"start":{"line":15,"column":2},"end":{"line":17,"column":3}},"type":"if","locations":[{"start":{"line":15,"column":2},"end":{"line":17,"column":3}},{"start":{"line":15,"column":2},"end":{"line":17,"column":3}}],"line":15},"3":{"loc":{"start":{"line":23,"column":2},"end":{"line":25,"column":3}},"type":"if","locations":[{"start":{"line":23,"column":2},"end":{"line":25,"column":3}},{"start":{"line":23,"column":2},"end":{"line":25,"column":3}}],"line":23},"4":{"loc":{"start":{"line":31,"column":2},"end":{"line":33,"column":3}},"type":"if","locations":[{"start":{"line":31,"column":2},"end":{"line":33,"column":3}},{"start":{"line":31,"column":2},"end":{"line":33,"column":3}}],"line":31}},"s":{"0":1,"1":0,"2":0,"3":0,"4":0,"5":0,"6":0,"7":0,"8":1,"9":0,"10":0,"11":0,"12":0,"13":1,"14":0,"15":0,"16":0,"17":0,"18":1,"19":2,"20":2,"21":2,"22":0,"23":1},"f":{"0":0,"1":0,"2":0,"3":2},"b":{"0":[0,0],"1":[0,0],"2":[0,0],"3":[0,0],"4":[2,0]},"_coverageSchema":"1a1c01bbd47fc00a2c39e90264f33305004495a9","hash":"a2e6bf0a5a2ef61bf25ac27d5cb7c36b80135fba"}
}
