{"C:\\Users\\user\\Desktop\\LABORATORIA\\LIM015-burger-queen-api\\src\\app.js": {"path":"C:\\Users\\user\\Desktop\\LABORATORIA\\LIM015-burger-queen-api\\src\\app.js","statementMap":{"0":{"start":{"line":1,"column":16},"end":{"line":1,"column":34}},"1":{"start":{"line":2,"column":13},"end":{"line":2,"column":28}},"2":{"start":{"line":4,"column":15},"end":{"line":4,"column":34}},"3":{"start":{"line":7,"column":21},"end":{"line":7,"column":50}},"4":{"start":{"line":9,"column":15},"end":{"line":9,"column":34}},"5":{"start":{"line":11,"column":12},"end":{"line":11,"column":38}},"6":{"start":{"line":12,"column":24},"end":{"line":12,"column":54}},"7":{"start":{"line":15,"column":12},"end":{"line":15,"column":21}},"8":{"start":{"line":16,"column":0},"end":{"line":16,"column":14}},"9":{"start":{"line":18,"column":0},"end":{"line":18,"column":26}},"10":{"start":{"line":19,"column":0},"end":{"line":19,"column":20}},"11":{"start":{"line":22,"column":0},"end":{"line":22,"column":16}},"12":{"start":{"line":23,"column":0},"end":{"line":23,"column":49}},"13":{"start":{"line":24,"column":0},"end":{"line":24,"column":24}},"14":{"start":{"line":26,"column":0},"end":{"line":26,"column":22}},"15":{"start":{"line":29,"column":0},"end":{"line":33,"column":3}},"16":{"start":{"line":30,"column":2},"end":{"line":32,"column":3}},"17":{"start":{"line":31,"column":4},"end":{"line":31,"column":14}},"18":{"start":{"line":35,"column":0},"end":{"line":35,"column":21}}},"fnMap":{"0":{"name":"(anonymous_0)","decl":{"start":{"line":29,"column":12},"end":{"line":29,"column":13}},"loc":{"start":{"line":29,"column":21},"end":{"line":33,"column":1}},"line":29}},"branchMap":{"0":{"loc":{"start":{"line":30,"column":2},"end":{"line":32,"column":3}},"type":"if","locations":[{"start":{"line":30,"column":2},"end":{"line":32,"column":3}},{"start":{"line":30,"column":2},"end":{"line":32,"column":3}}],"line":30}},"s":{"0":4,"1":4,"2":4,"3":4,"4":4,"5":4,"6":4,"7":4,"8":4,"9":4,"10":4,"11":4,"12":4,"13":4,"14":4,"15":4,"16":8,"17":4,"18":4},"f":{"0":8},"b":{"0":[4,4]},"_coverageSchema":"1a1c01bbd47fc00a2c39e90264f33305004495a9","hash":"fd2a999b1d139b2790868ffbbe5db09f02605848"}
,"C:\\Users\\user\\Desktop\\LABORATORIA\\LIM015-burger-queen-api\\src\\config.js": {"path":"C:\\Users\\user\\Desktop\\LABORATORIA\\LIM015-burger-queen-api\\src\\config.js","statementMap":{"0":{"start":{"line":1,"column":0},"end":{"line":1,"column":59}},"1":{"start":{"line":2,"column":0},"end":{"line":2,"column":71}},"2":{"start":{"line":3,"column":0},"end":{"line":3,"column":73}},"3":{"start":{"line":4,"column":0},"end":{"line":4,"column":70}},"4":{"start":{"line":5,"column":0},"end":{"line":5,"column":65}}},"fnMap":{},"branchMap":{"0":{"loc":{"start":{"line":1,"column":15},"end":{"line":1,"column":58}},"type":"binary-expr","locations":[{"start":{"line":1,"column":15},"end":{"line":1,"column":30}},{"start":{"line":1,"column":34},"end":{"line":1,"column":50}},{"start":{"line":1,"column":54},"end":{"line":1,"column":58}}],"line":1},"1":{"loc":{"start":{"line":2,"column":16},"end":{"line":2,"column":70}},"type":"binary-expr","locations":[{"start":{"line":2,"column":16},"end":{"line":2,"column":34}},{"start":{"line":2,"column":38},"end":{"line":2,"column":70}}],"line":2},"2":{"loc":{"start":{"line":3,"column":17},"end":{"line":3,"column":72}},"type":"binary-expr","locations":[{"start":{"line":3,"column":17},"end":{"line":3,"column":39}},{"start":{"line":3,"column":43},"end":{"line":3,"column":72}}],"line":3},"3":{"loc":{"start":{"line":4,"column":21},"end":{"line":4,"column":69}},"type":"binary-expr","locations":[{"start":{"line":4,"column":21},"end":{"line":4,"column":44}},{"start":{"line":4,"column":48},"end":{"line":4,"column":69}}],"line":4},"4":{"loc":{"start":{"line":5,"column":24},"end":{"line":5,"column":64}},"type":"binary-expr","locations":[{"start":{"line":5,"column":24},"end":{"line":5,"column":50}},{"start":{"line":5,"column":54},"end":{"line":5,"column":64}}],"line":5}},"s":{"0":4,"1":4,"2":4,"3":4,"4":4},"f":{},"b":{"0":[4,0,0],"1":[4,4],"2":[4,4],"3":[4,4],"4":[4,4]},"_coverageSchema":"1a1c01bbd47fc00a2c39e90264f33305004495a9","hash":"c9e6b05f1a0ff0044ba35055664f0838f97dadd3"}
,"C:\\Users\\user\\Desktop\\LABORATORIA\\LIM015-burger-queen-api\\src\\controller\\auth.js": {"path":"C:\\Users\\user\\Desktop\\LABORATORIA\\LIM015-burger-queen-api\\src\\controller\\auth.js","statementMap":{"0":{"start":{"line":1,"column":12},"end":{"line":1,"column":35}},"1":{"start":{"line":2,"column":13},"end":{"line":2,"column":39}},"2":{"start":{"line":3,"column":19},"end":{"line":3,"column":39}},"3":{"start":{"line":5,"column":13},"end":{"line":23,"column":1}},"4":{"start":{"line":6,"column":30},"end":{"line":6,"column":38}},"5":{"start":{"line":7,"column":2},"end":{"line":9,"column":3}},"6":{"start":{"line":8,"column":4},"end":{"line":8,"column":84}},"7":{"start":{"line":11,"column":20},"end":{"line":11,"column":65}},"8":{"start":{"line":14,"column":2},"end":{"line":16,"column":3}},"9":{"start":{"line":15,"column":4},"end":{"line":15,"column":64}},"10":{"start":{"line":17,"column":24},"end":{"line":17,"column":89}},"11":{"start":{"line":18,"column":2},"end":{"line":20,"column":3}},"12":{"start":{"line":19,"column":4},"end":{"line":19,"column":79}},"13":{"start":{"line":21,"column":16},"end":{"line":21,"column":77}},"14":{"start":{"line":22,"column":2},"end":{"line":22,"column":35}},"15":{"start":{"line":25,"column":0},"end":{"line":25,"column":26}}},"fnMap":{"0":{"name":"(anonymous_0)","decl":{"start":{"line":5,"column":13},"end":{"line":5,"column":14}},"loc":{"start":{"line":5,"column":34},"end":{"line":23,"column":1}},"line":5}},"branchMap":{"0":{"loc":{"start":{"line":7,"column":2},"end":{"line":9,"column":3}},"type":"if","locations":[{"start":{"line":7,"column":2},"end":{"line":9,"column":3}},{"start":{"line":7,"column":2},"end":{"line":9,"column":3}}],"line":7},"1":{"loc":{"start":{"line":7,"column":6},"end":{"line":7,"column":25}},"type":"binary-expr","locations":[{"start":{"line":7,"column":6},"end":{"line":7,"column":12}},{"start":{"line":7,"column":16},"end":{"line":7,"column":25}}],"line":7},"2":{"loc":{"start":{"line":14,"column":2},"end":{"line":16,"column":3}},"type":"if","locations":[{"start":{"line":14,"column":2},"end":{"line":16,"column":3}},{"start":{"line":14,"column":2},"end":{"line":16,"column":3}}],"line":14},"3":{"loc":{"start":{"line":18,"column":2},"end":{"line":20,"column":3}},"type":"if","locations":[{"start":{"line":18,"column":2},"end":{"line":20,"column":3}},{"start":{"line":18,"column":2},"end":{"line":20,"column":3}}],"line":18}},"s":{"0":4,"1":4,"2":4,"3":4,"4":60,"5":60,"6":1,"7":59,"8":59,"9":1,"10":58,"11":58,"12":1,"13":57,"14":57,"15":4},"f":{"0":60},"b":{"0":[1,59],"1":[60,60],"2":[1,58],"3":[1,57]},"_coverageSchema":"1a1c01bbd47fc00a2c39e90264f33305004495a9","hash":"93da11e5a182e9fe15a9d0935d27f7e315ccaeda"}
,"C:\\Users\\user\\Desktop\\LABORATORIA\\LIM015-burger-queen-api\\src\\controller\\orders.js": {"path":"C:\\Users\\user\\Desktop\\LABORATORIA\\LIM015-burger-queen-api\\src\\controller\\orders.js","statementMap":{"0":{"start":{"line":1,"column":14},"end":{"line":1,"column":41}},"1":{"start":{"line":2,"column":16},"end":{"line":2,"column":45}},"2":{"start":{"line":3,"column":21},"end":{"line":3,"column":46}},"3":{"start":{"line":5,"column":20},"end":{"line":26,"column":1}},"4":{"start":{"line":8,"column":6},"end":{"line":8,"column":14}},"5":{"start":{"line":9,"column":2},"end":{"line":25,"column":3}},"6":{"start":{"line":10,"column":4},"end":{"line":10,"column":77}},"7":{"start":{"line":12,"column":21},"end":{"line":14,"column":6}},"8":{"start":{"line":15,"column":4},"end":{"line":24,"column":7}},"9":{"start":{"line":16,"column":27},"end":{"line":16,"column":75}},"10":{"start":{"line":17,"column":6},"end":{"line":23,"column":7}},"11":{"start":{"line":18,"column":8},"end":{"line":18,"column":73}},"12":{"start":{"line":20,"column":27},"end":{"line":20,"column":48}},"13":{"start":{"line":21,"column":31},"end":{"line":21,"column":104}},"14":{"start":{"line":22,"column":8},"end":{"line":22,"column":46}},"15":{"start":{"line":28,"column":18},"end":{"line":42,"column":1}},"16":{"start":{"line":29,"column":16},"end":{"line":29,"column":51}},"17":{"start":{"line":30,"column":15},"end":{"line":30,"column":48}},"18":{"start":{"line":31,"column":19},"end":{"line":31,"column":37}},"19":{"start":{"line":32,"column":20},"end":{"line":32,"column":71}},"20":{"start":{"line":33,"column":21},"end":{"line":38,"column":3}},"21":{"start":{"line":40,"column":2},"end":{"line":40,"column":25}},"22":{"start":{"line":41,"column":2},"end":{"line":41,"column":40}},"23":{"start":{"line":44,"column":21},"end":{"line":54,"column":1}},"24":{"start":{"line":45,"column":21},"end":{"line":45,"column":49}},"25":{"start":{"line":46,"column":2},"end":{"line":52,"column":3}},"26":{"start":{"line":47,"column":18},"end":{"line":47,"column":87}},"27":{"start":{"line":48,"column":4},"end":{"line":50,"column":5}},"28":{"start":{"line":49,"column":6},"end":{"line":49,"column":75}},"29":{"start":{"line":51,"column":4},"end":{"line":51,"column":40}},"30":{"start":{"line":53,"column":2},"end":{"line":53,"column":68}},"31":{"start":{"line":56,"column":24},"end":{"line":75,"column":1}},"32":{"start":{"line":57,"column":21},"end":{"line":57,"column":49}},"33":{"start":{"line":58,"column":2},"end":{"line":73,"column":3}},"34":{"start":{"line":59,"column":4},"end":{"line":61,"column":5}},"35":{"start":{"line":60,"column":6},"end":{"line":60,"column":87}},"36":{"start":{"line":62,"column":19},"end":{"line":62,"column":69}},"37":{"start":{"line":63,"column":4},"end":{"line":65,"column":5}},"38":{"start":{"line":64,"column":6},"end":{"line":64,"column":82}},"39":{"start":{"line":66,"column":25},"end":{"line":68,"column":35}},"40":{"start":{"line":69,"column":4},"end":{"line":71,"column":5}},"41":{"start":{"line":70,"column":6},"end":{"line":70,"column":75}},"42":{"start":{"line":72,"column":4},"end":{"line":72,"column":47}},"43":{"start":{"line":74,"column":2},"end":{"line":74,"column":68}},"44":{"start":{"line":77,"column":24},"end":{"line":87,"column":1}},"45":{"start":{"line":78,"column":21},"end":{"line":78,"column":49}},"46":{"start":{"line":79,"column":2},"end":{"line":85,"column":3}},"47":{"start":{"line":80,"column":25},"end":{"line":80,"column":103}},"48":{"start":{"line":81,"column":4},"end":{"line":83,"column":5}},"49":{"start":{"line":82,"column":6},"end":{"line":82,"column":75}},"50":{"start":{"line":84,"column":4},"end":{"line":84,"column":47}},"51":{"start":{"line":86,"column":2},"end":{"line":86,"column":68}},"52":{"start":{"line":89,"column":0},"end":{"line":95,"column":2}}},"fnMap":{"0":{"name":"(anonymous_0)","decl":{"start":{"line":5,"column":20},"end":{"line":5,"column":21}},"loc":{"start":{"line":5,"column":41},"end":{"line":26,"column":1}},"line":5},"1":{"name":"(anonymous_1)","decl":{"start":{"line":15,"column":17},"end":{"line":15,"column":18}},"loc":{"start":{"line":15,"column":31},"end":{"line":24,"column":5}},"line":15},"2":{"name":"(anonymous_2)","decl":{"start":{"line":28,"column":18},"end":{"line":28,"column":19}},"loc":{"start":{"line":28,"column":39},"end":{"line":42,"column":1}},"line":28},"3":{"name":"(anonymous_3)","decl":{"start":{"line":44,"column":21},"end":{"line":44,"column":22}},"loc":{"start":{"line":44,"column":42},"end":{"line":54,"column":1}},"line":44},"4":{"name":"(anonymous_4)","decl":{"start":{"line":56,"column":24},"end":{"line":56,"column":25}},"loc":{"start":{"line":56,"column":45},"end":{"line":75,"column":1}},"line":56},"5":{"name":"(anonymous_5)","decl":{"start":{"line":77,"column":24},"end":{"line":77,"column":25}},"loc":{"start":{"line":77,"column":45},"end":{"line":87,"column":1}},"line":77}},"branchMap":{"0":{"loc":{"start":{"line":9,"column":2},"end":{"line":25,"column":3}},"type":"if","locations":[{"start":{"line":9,"column":2},"end":{"line":25,"column":3}},{"start":{"line":9,"column":2},"end":{"line":25,"column":3}}],"line":9},"1":{"loc":{"start":{"line":9,"column":6},"end":{"line":9,"column":51}},"type":"binary-expr","locations":[{"start":{"line":9,"column":6},"end":{"line":9,"column":13}},{"start":{"line":9,"column":17},"end":{"line":9,"column":26}},{"start":{"line":9,"column":30},"end":{"line":9,"column":51}}],"line":9},"2":{"loc":{"start":{"line":17,"column":6},"end":{"line":23,"column":7}},"type":"if","locations":[{"start":{"line":17,"column":6},"end":{"line":23,"column":7}},{"start":{"line":17,"column":6},"end":{"line":23,"column":7}}],"line":17},"3":{"loc":{"start":{"line":29,"column":16},"end":{"line":29,"column":51}},"type":"binary-expr","locations":[{"start":{"line":29,"column":16},"end":{"line":29,"column":45}},{"start":{"line":29,"column":49},"end":{"line":29,"column":51}}],"line":29},"4":{"loc":{"start":{"line":30,"column":15},"end":{"line":30,"column":48}},"type":"binary-expr","locations":[{"start":{"line":30,"column":15},"end":{"line":30,"column":43}},{"start":{"line":30,"column":47},"end":{"line":30,"column":48}}],"line":30},"5":{"loc":{"start":{"line":35,"column":10},"end":{"line":35,"column":106}},"type":"cond-expr","locations":[{"start":{"line":35,"column":34},"end":{"line":35,"column":98}},{"start":{"line":35,"column":101},"end":{"line":35,"column":106}}],"line":35},"6":{"loc":{"start":{"line":36,"column":10},"end":{"line":36,"column":106}},"type":"cond-expr","locations":[{"start":{"line":36,"column":34},"end":{"line":36,"column":98}},{"start":{"line":36,"column":101},"end":{"line":36,"column":106}}],"line":36},"7":{"loc":{"start":{"line":37,"column":10},"end":{"line":37,"column":117}},"type":"cond-expr","locations":[{"start":{"line":37,"column":33},"end":{"line":37,"column":109}},{"start":{"line":37,"column":112},"end":{"line":37,"column":117}}],"line":37},"8":{"loc":{"start":{"line":46,"column":2},"end":{"line":52,"column":3}},"type":"if","locations":[{"start":{"line":46,"column":2},"end":{"line":52,"column":3}},{"start":{"line":46,"column":2},"end":{"line":52,"column":3}}],"line":46},"9":{"loc":{"start":{"line":48,"column":4},"end":{"line":50,"column":5}},"type":"if","locations":[{"start":{"line":48,"column":4},"end":{"line":50,"column":5}},{"start":{"line":48,"column":4},"end":{"line":50,"column":5}}],"line":48},"10":{"loc":{"start":{"line":58,"column":2},"end":{"line":73,"column":3}},"type":"if","locations":[{"start":{"line":58,"column":2},"end":{"line":73,"column":3}},{"start":{"line":58,"column":2},"end":{"line":73,"column":3}}],"line":58},"11":{"loc":{"start":{"line":59,"column":4},"end":{"line":61,"column":5}},"type":"if","locations":[{"start":{"line":59,"column":4},"end":{"line":61,"column":5}},{"start":{"line":59,"column":4},"end":{"line":61,"column":5}}],"line":59},"12":{"loc":{"start":{"line":59,"column":8},"end":{"line":59,"column":150}},"type":"binary-expr","locations":[{"start":{"line":59,"column":9},"end":{"line":59,"column":43}},{"start":{"line":59,"column":48},"end":{"line":59,"column":70}},{"start":{"line":59,"column":74},"end":{"line":59,"column":96}},{"start":{"line":59,"column":100},"end":{"line":59,"column":122}},{"start":{"line":59,"column":126},"end":{"line":59,"column":150}}],"line":59},"13":{"loc":{"start":{"line":63,"column":4},"end":{"line":65,"column":5}},"type":"if","locations":[{"start":{"line":63,"column":4},"end":{"line":65,"column":5}},{"start":{"line":63,"column":4},"end":{"line":65,"column":5}}],"line":63},"14":{"loc":{"start":{"line":63,"column":8},"end":{"line":63,"column":62}},"type":"binary-expr","locations":[{"start":{"line":63,"column":8},"end":{"line":63,"column":23}},{"start":{"line":63,"column":28},"end":{"line":63,"column":61}}],"line":63},"15":{"loc":{"start":{"line":69,"column":4},"end":{"line":71,"column":5}},"type":"if","locations":[{"start":{"line":69,"column":4},"end":{"line":71,"column":5}},{"start":{"line":69,"column":4},"end":{"line":71,"column":5}}],"line":69},"16":{"loc":{"start":{"line":79,"column":2},"end":{"line":85,"column":3}},"type":"if","locations":[{"start":{"line":79,"column":2},"end":{"line":85,"column":3}},{"start":{"line":79,"column":2},"end":{"line":85,"column":3}}],"line":79},"17":{"loc":{"start":{"line":81,"column":4},"end":{"line":83,"column":5}},"type":"if","locations":[{"start":{"line":81,"column":4},"end":{"line":83,"column":5}},{"start":{"line":81,"column":4},"end":{"line":83,"column":5}}],"line":81}},"s":{"0":4,"1":4,"2":4,"3":4,"4":4,"5":4,"6":1,"7":3,"8":3,"9":3,"10":3,"11":1,"12":2,"13":2,"14":2,"15":4,"16":1,"17":1,"18":1,"19":1,"20":1,"21":1,"22":1,"23":4,"24":3,"25":3,"26":2,"27":2,"28":1,"29":1,"30":1,"31":4,"32":5,"33":5,"34":4,"35":1,"36":3,"37":3,"38":1,"39":2,"40":2,"41":1,"42":1,"43":1,"44":4,"45":3,"46":3,"47":2,"48":2,"49":1,"50":1,"51":1,"52":4},"f":{"0":4,"1":3,"2":1,"3":3,"4":5,"5":3},"b":{"0":[1,3],"1":[4,3,3],"2":[1,2],"3":[1,1],"4":[1,1],"5":[0,1],"6":[1,0],"7":[1,0],"8":[2,1],"9":[1,1],"10":[4,1],"11":[1,3],"12":[4,3,3,3,3],"13":[1,2],"14":[3,1],"15":[1,1],"16":[2,1],"17":[1,1]},"_coverageSchema":"1a1c01bbd47fc00a2c39e90264f33305004495a9","hash":"bc18418d667d09bb6de3818dc4ad89ad742e9620"}
,"C:\\Users\\user\\Desktop\\LABORATORIA\\LIM015-burger-queen-api\\src\\controller\\products.js": {"path":"C:\\Users\\user\\Desktop\\LABORATORIA\\LIM015-burger-queen-api\\src\\controller\\products.js","statementMap":{"0":{"start":{"line":1,"column":16},"end":{"line":1,"column":45}},"1":{"start":{"line":2,"column":21},"end":{"line":2,"column":46}},"2":{"start":{"line":4,"column":22},"end":{"line":16,"column":1}},"3":{"start":{"line":7,"column":6},"end":{"line":7,"column":14}},"4":{"start":{"line":8,"column":21},"end":{"line":10,"column":4}},"5":{"start":{"line":11,"column":2},"end":{"line":13,"column":3}},"6":{"start":{"line":12,"column":4},"end":{"line":12,"column":80}},"7":{"start":{"line":14,"column":23},"end":{"line":14,"column":46}},"8":{"start":{"line":15,"column":2},"end":{"line":15,"column":45}},"9":{"start":{"line":18,"column":20},"end":{"line":31,"column":1}},"10":{"start":{"line":19,"column":16},"end":{"line":19,"column":51}},"11":{"start":{"line":20,"column":15},"end":{"line":20,"column":48}},"12":{"start":{"line":21,"column":22},"end":{"line":21,"column":65}},"13":{"start":{"line":22,"column":21},"end":{"line":27,"column":3}},"14":{"start":{"line":29,"column":2},"end":{"line":29,"column":25}},"15":{"start":{"line":30,"column":2},"end":{"line":30,"column":42}},"16":{"start":{"line":33,"column":23},"end":{"line":43,"column":1}},"17":{"start":{"line":34,"column":21},"end":{"line":34,"column":51}},"18":{"start":{"line":35,"column":2},"end":{"line":41,"column":3}},"19":{"start":{"line":36,"column":20},"end":{"line":36,"column":64}},"20":{"start":{"line":37,"column":4},"end":{"line":39,"column":5}},"21":{"start":{"line":38,"column":6},"end":{"line":38,"column":77}},"22":{"start":{"line":40,"column":4},"end":{"line":40,"column":42}},"23":{"start":{"line":42,"column":2},"end":{"line":42,"column":68}},"24":{"start":{"line":45,"column":26},"end":{"line":60,"column":1}},"25":{"start":{"line":46,"column":21},"end":{"line":46,"column":51}},"26":{"start":{"line":47,"column":2},"end":{"line":58,"column":3}},"27":{"start":{"line":48,"column":4},"end":{"line":50,"column":5}},"28":{"start":{"line":49,"column":6},"end":{"line":49,"column":87}},"29":{"start":{"line":51,"column":27},"end":{"line":53,"column":6}},"30":{"start":{"line":54,"column":4},"end":{"line":56,"column":5}},"31":{"start":{"line":55,"column":6},"end":{"line":55,"column":77}},"32":{"start":{"line":57,"column":4},"end":{"line":57,"column":49}},"33":{"start":{"line":59,"column":2},"end":{"line":59,"column":68}},"34":{"start":{"line":62,"column":26},"end":{"line":72,"column":1}},"35":{"start":{"line":63,"column":21},"end":{"line":63,"column":51}},"36":{"start":{"line":64,"column":2},"end":{"line":70,"column":3}},"37":{"start":{"line":65,"column":27},"end":{"line":65,"column":80}},"38":{"start":{"line":66,"column":4},"end":{"line":68,"column":5}},"39":{"start":{"line":67,"column":6},"end":{"line":67,"column":77}},"40":{"start":{"line":69,"column":4},"end":{"line":69,"column":49}},"41":{"start":{"line":71,"column":2},"end":{"line":71,"column":68}},"42":{"start":{"line":74,"column":0},"end":{"line":80,"column":2}}},"fnMap":{"0":{"name":"(anonymous_0)","decl":{"start":{"line":4,"column":22},"end":{"line":4,"column":23}},"loc":{"start":{"line":4,"column":43},"end":{"line":16,"column":1}},"line":4},"1":{"name":"(anonymous_1)","decl":{"start":{"line":18,"column":20},"end":{"line":18,"column":21}},"loc":{"start":{"line":18,"column":41},"end":{"line":31,"column":1}},"line":18},"2":{"name":"(anonymous_2)","decl":{"start":{"line":33,"column":23},"end":{"line":33,"column":24}},"loc":{"start":{"line":33,"column":44},"end":{"line":43,"column":1}},"line":33},"3":{"name":"(anonymous_3)","decl":{"start":{"line":45,"column":26},"end":{"line":45,"column":27}},"loc":{"start":{"line":45,"column":47},"end":{"line":60,"column":1}},"line":45},"4":{"name":"(anonymous_4)","decl":{"start":{"line":62,"column":26},"end":{"line":62,"column":27}},"loc":{"start":{"line":62,"column":47},"end":{"line":72,"column":1}},"line":62}},"branchMap":{"0":{"loc":{"start":{"line":11,"column":2},"end":{"line":13,"column":3}},"type":"if","locations":[{"start":{"line":11,"column":2},"end":{"line":13,"column":3}},{"start":{"line":11,"column":2},"end":{"line":13,"column":3}}],"line":11},"1":{"loc":{"start":{"line":11,"column":6},"end":{"line":11,"column":21}},"type":"binary-expr","locations":[{"start":{"line":11,"column":6},"end":{"line":11,"column":11}},{"start":{"line":11,"column":15},"end":{"line":11,"column":21}}],"line":11},"2":{"loc":{"start":{"line":19,"column":16},"end":{"line":19,"column":51}},"type":"binary-expr","locations":[{"start":{"line":19,"column":16},"end":{"line":19,"column":45}},{"start":{"line":19,"column":49},"end":{"line":19,"column":51}}],"line":19},"3":{"loc":{"start":{"line":20,"column":15},"end":{"line":20,"column":48}},"type":"binary-expr","locations":[{"start":{"line":20,"column":15},"end":{"line":20,"column":43}},{"start":{"line":20,"column":47},"end":{"line":20,"column":48}}],"line":20},"4":{"loc":{"start":{"line":24,"column":10},"end":{"line":24,"column":108}},"type":"cond-expr","locations":[{"start":{"line":24,"column":36},"end":{"line":24,"column":100}},{"start":{"line":24,"column":103},"end":{"line":24,"column":108}}],"line":24},"5":{"loc":{"start":{"line":25,"column":10},"end":{"line":25,"column":108}},"type":"cond-expr","locations":[{"start":{"line":25,"column":36},"end":{"line":25,"column":100}},{"start":{"line":25,"column":103},"end":{"line":25,"column":108}}],"line":25},"6":{"loc":{"start":{"line":26,"column":10},"end":{"line":26,"column":121}},"type":"cond-expr","locations":[{"start":{"line":26,"column":35},"end":{"line":26,"column":113}},{"start":{"line":26,"column":116},"end":{"line":26,"column":121}}],"line":26},"7":{"loc":{"start":{"line":35,"column":2},"end":{"line":41,"column":3}},"type":"if","locations":[{"start":{"line":35,"column":2},"end":{"line":41,"column":3}},{"start":{"line":35,"column":2},"end":{"line":41,"column":3}}],"line":35},"8":{"loc":{"start":{"line":37,"column":4},"end":{"line":39,"column":5}},"type":"if","locations":[{"start":{"line":37,"column":4},"end":{"line":39,"column":5}},{"start":{"line":37,"column":4},"end":{"line":39,"column":5}}],"line":37},"9":{"loc":{"start":{"line":47,"column":2},"end":{"line":58,"column":3}},"type":"if","locations":[{"start":{"line":47,"column":2},"end":{"line":58,"column":3}},{"start":{"line":47,"column":2},"end":{"line":58,"column":3}}],"line":47},"10":{"loc":{"start":{"line":48,"column":4},"end":{"line":50,"column":5}},"type":"if","locations":[{"start":{"line":48,"column":4},"end":{"line":50,"column":5}},{"start":{"line":48,"column":4},"end":{"line":50,"column":5}}],"line":48},"11":{"loc":{"start":{"line":48,"column":8},"end":{"line":48,"column":142}},"type":"binary-expr","locations":[{"start":{"line":48,"column":9},"end":{"line":48,"column":43}},{"start":{"line":48,"column":48},"end":{"line":48,"column":68}},{"start":{"line":48,"column":72},"end":{"line":48,"column":93}},{"start":{"line":48,"column":97},"end":{"line":48,"column":118}},{"start":{"line":48,"column":122},"end":{"line":48,"column":142}}],"line":48},"12":{"loc":{"start":{"line":54,"column":4},"end":{"line":56,"column":5}},"type":"if","locations":[{"start":{"line":54,"column":4},"end":{"line":56,"column":5}},{"start":{"line":54,"column":4},"end":{"line":56,"column":5}}],"line":54},"13":{"loc":{"start":{"line":64,"column":2},"end":{"line":70,"column":3}},"type":"if","locations":[{"start":{"line":64,"column":2},"end":{"line":70,"column":3}},{"start":{"line":64,"column":2},"end":{"line":70,"column":3}}],"line":64},"14":{"loc":{"start":{"line":66,"column":4},"end":{"line":68,"column":5}},"type":"if","locations":[{"start":{"line":66,"column":4},"end":{"line":68,"column":5}},{"start":{"line":66,"column":4},"end":{"line":68,"column":5}}],"line":66}},"s":{"0":4,"1":4,"2":4,"3":6,"4":6,"5":6,"6":1,"7":5,"8":5,"9":4,"10":1,"11":1,"12":1,"13":1,"14":1,"15":1,"16":4,"17":3,"18":3,"19":2,"20":2,"21":1,"22":1,"23":1,"24":4,"25":4,"26":4,"27":3,"28":1,"29":2,"30":2,"31":1,"32":1,"33":1,"34":4,"35":3,"36":3,"37":2,"38":2,"39":1,"40":1,"41":1,"42":4},"f":{"0":6,"1":1,"2":3,"3":4,"4":3},"b":{"0":[1,5],"1":[6,5],"2":[1,1],"3":[1,1],"4":[0,1],"5":[1,0],"6":[1,0],"7":[2,1],"8":[1,1],"9":[3,1],"10":[1,2],"11":[3,2,2,2,2],"12":[1,1],"13":[2,1],"14":[1,1]},"_coverageSchema":"1a1c01bbd47fc00a2c39e90264f33305004495a9","hash":"b81b0c389aee6ab41c4a481c8753d6f8bf1b9218"}
,"C:\\Users\\user\\Desktop\\LABORATORIA\\LIM015-burger-queen-api\\src\\controller\\users.js": {"path":"C:\\Users\\user\\Desktop\\LABORATORIA\\LIM015-burger-queen-api\\src\\controller\\users.js","statementMap":{"0":{"start":{"line":1,"column":13},"end":{"line":1,"column":39}},"1":{"start":{"line":2,"column":13},"end":{"line":2,"column":39}},"2":{"start":{"line":3,"column":23},"end":{"line":3,"column":52}},"3":{"start":{"line":4,"column":58},"end":{"line":4,"column":83}},"4":{"start":{"line":6,"column":15},"end":{"line":37,"column":1}},"5":{"start":{"line":11,"column":6},"end":{"line":11,"column":14}},"6":{"start":{"line":12,"column":2},"end":{"line":14,"column":3}},"7":{"start":{"line":13,"column":4},"end":{"line":13,"column":84}},"8":{"start":{"line":15,"column":2},"end":{"line":17,"column":3}},"9":{"start":{"line":16,"column":4},"end":{"line":16,"column":73}},"10":{"start":{"line":17,"column":4},"end":{"line":19,"column":3}},"11":{"start":{"line":18,"column":4},"end":{"line":18,"column":76}},"12":{"start":{"line":20,"column":21},"end":{"line":20,"column":66}},"13":{"start":{"line":21,"column":2},"end":{"line":23,"column":3}},"14":{"start":{"line":22,"column":4},"end":{"line":22,"column":69}},"15":{"start":{"line":24,"column":18},"end":{"line":27,"column":4}},"16":{"start":{"line":28,"column":2},"end":{"line":34,"column":3}},"17":{"start":{"line":29,"column":23},"end":{"line":29,"column":64}},"18":{"start":{"line":30,"column":4},"end":{"line":30,"column":55}},"19":{"start":{"line":30,"column":45},"end":{"line":30,"column":53}},"20":{"start":{"line":32,"column":17},"end":{"line":32,"column":53}},"21":{"start":{"line":33,"column":4},"end":{"line":33,"column":31}},"22":{"start":{"line":35,"column":20},"end":{"line":35,"column":40}},"23":{"start":{"line":36,"column":2},"end":{"line":36,"column":42}},"24":{"start":{"line":39,"column":17},"end":{"line":52,"column":1}},"25":{"start":{"line":40,"column":16},"end":{"line":40,"column":51}},"26":{"start":{"line":41,"column":15},"end":{"line":41,"column":48}},"27":{"start":{"line":42,"column":19},"end":{"line":42,"column":59}},"28":{"start":{"line":43,"column":21},"end":{"line":48,"column":3}},"29":{"start":{"line":49,"column":2},"end":{"line":49,"column":25}},"30":{"start":{"line":50,"column":2},"end":{"line":50,"column":39}},"31":{"start":{"line":54,"column":20},"end":{"line":70,"column":1}},"32":{"start":{"line":55,"column":21},"end":{"line":55,"column":53}},"33":{"start":{"line":56,"column":2},"end":{"line":69,"column":3}},"34":{"start":{"line":57,"column":17},"end":{"line":57,"column":47}},"35":{"start":{"line":58,"column":4},"end":{"line":60,"column":5}},"36":{"start":{"line":59,"column":6},"end":{"line":59,"column":74}},"37":{"start":{"line":61,"column":4},"end":{"line":66,"column":7}},"38":{"start":{"line":62,"column":6},"end":{"line":64,"column":7}},"39":{"start":{"line":63,"column":8},"end":{"line":63,"column":43}},"40":{"start":{"line":65,"column":6},"end":{"line":65,"column":75}},"41":{"start":{"line":68,"column":4},"end":{"line":68,"column":78}},"42":{"start":{"line":72,"column":23},"end":{"line":101,"column":1}},"43":{"start":{"line":73,"column":21},"end":{"line":73,"column":53}},"44":{"start":{"line":74,"column":2},"end":{"line":100,"column":3}},"45":{"start":{"line":75,"column":4},"end":{"line":77,"column":5}},"46":{"start":{"line":76,"column":6},"end":{"line":76,"column":86}},"47":{"start":{"line":78,"column":17},"end":{"line":78,"column":47}},"48":{"start":{"line":79,"column":4},"end":{"line":81,"column":5}},"49":{"start":{"line":80,"column":6},"end":{"line":80,"column":74}},"50":{"start":{"line":82,"column":4},"end":{"line":97,"column":7}},"51":{"start":{"line":83,"column":6},"end":{"line":95,"column":7}},"52":{"start":{"line":84,"column":8},"end":{"line":87,"column":9}},"53":{"start":{"line":85,"column":34},"end":{"line":85,"column":79}},"54":{"start":{"line":86,"column":10},"end":{"line":86,"column":46}},"55":{"start":{"line":88,"column":8},"end":{"line":90,"column":9}},"56":{"start":{"line":89,"column":10},"end":{"line":89,"column":79}},"57":{"start":{"line":91,"column":28},"end":{"line":93,"column":10}},"58":{"start":{"line":94,"column":8},"end":{"line":94,"column":50}},"59":{"start":{"line":96,"column":6},"end":{"line":96,"column":75}},"60":{"start":{"line":99,"column":4},"end":{"line":99,"column":71}},"61":{"start":{"line":103,"column":23},"end":{"line":120,"column":1}},"62":{"start":{"line":104,"column":21},"end":{"line":104,"column":53}},"63":{"start":{"line":105,"column":2},"end":{"line":119,"column":3}},"64":{"start":{"line":106,"column":17},"end":{"line":106,"column":47}},"65":{"start":{"line":107,"column":4},"end":{"line":109,"column":5}},"66":{"start":{"line":108,"column":6},"end":{"line":108,"column":74}},"67":{"start":{"line":110,"column":4},"end":{"line":116,"column":7}},"68":{"start":{"line":111,"column":6},"end":{"line":114,"column":7}},"69":{"start":{"line":112,"column":8},"end":{"line":112,"column":46}},"70":{"start":{"line":113,"column":8},"end":{"line":113,"column":43}},"71":{"start":{"line":115,"column":6},"end":{"line":115,"column":75}},"72":{"start":{"line":118,"column":4},"end":{"line":118,"column":78}},"73":{"start":{"line":122,"column":0},"end":{"line":128,"column":2}}},"fnMap":{"0":{"name":"(anonymous_0)","decl":{"start":{"line":6,"column":15},"end":{"line":6,"column":16}},"loc":{"start":{"line":6,"column":36},"end":{"line":37,"column":1}},"line":6},"1":{"name":"(anonymous_1)","decl":{"start":{"line":30,"column":35},"end":{"line":30,"column":36}},"loc":{"start":{"line":30,"column":45},"end":{"line":30,"column":53}},"line":30},"2":{"name":"(anonymous_2)","decl":{"start":{"line":39,"column":17},"end":{"line":39,"column":18}},"loc":{"start":{"line":39,"column":38},"end":{"line":52,"column":1}},"line":39},"3":{"name":"(anonymous_3)","decl":{"start":{"line":54,"column":20},"end":{"line":54,"column":21}},"loc":{"start":{"line":54,"column":41},"end":{"line":70,"column":1}},"line":54},"4":{"name":"(anonymous_4)","decl":{"start":{"line":61,"column":25},"end":{"line":61,"column":26}},"loc":{"start":{"line":61,"column":42},"end":{"line":66,"column":5}},"line":61},"5":{"name":"(anonymous_5)","decl":{"start":{"line":72,"column":23},"end":{"line":72,"column":24}},"loc":{"start":{"line":72,"column":44},"end":{"line":101,"column":1}},"line":72},"6":{"name":"(anonymous_6)","decl":{"start":{"line":82,"column":25},"end":{"line":82,"column":26}},"loc":{"start":{"line":82,"column":42},"end":{"line":97,"column":5}},"line":82},"7":{"name":"(anonymous_7)","decl":{"start":{"line":103,"column":23},"end":{"line":103,"column":24}},"loc":{"start":{"line":103,"column":44},"end":{"line":120,"column":1}},"line":103},"8":{"name":"(anonymous_8)","decl":{"start":{"line":110,"column":25},"end":{"line":110,"column":26}},"loc":{"start":{"line":110,"column":42},"end":{"line":116,"column":5}},"line":110}},"branchMap":{"0":{"loc":{"start":{"line":12,"column":2},"end":{"line":14,"column":3}},"type":"if","locations":[{"start":{"line":12,"column":2},"end":{"line":14,"column":3}},{"start":{"line":12,"column":2},"end":{"line":14,"column":3}}],"line":12},"1":{"loc":{"start":{"line":12,"column":6},"end":{"line":12,"column":25}},"type":"binary-expr","locations":[{"start":{"line":12,"column":6},"end":{"line":12,"column":12}},{"start":{"line":12,"column":16},"end":{"line":12,"column":25}}],"line":12},"2":{"loc":{"start":{"line":15,"column":2},"end":{"line":17,"column":3}},"type":"if","locations":[{"start":{"line":15,"column":2},"end":{"line":17,"column":3}},{"start":{"line":15,"column":2},"end":{"line":17,"column":3}}],"line":15},"3":{"loc":{"start":{"line":17,"column":4},"end":{"line":19,"column":3}},"type":"if","locations":[{"start":{"line":17,"column":4},"end":{"line":19,"column":3}},{"start":{"line":17,"column":4},"end":{"line":19,"column":3}}],"line":17},"4":{"loc":{"start":{"line":21,"column":2},"end":{"line":23,"column":3}},"type":"if","locations":[{"start":{"line":21,"column":2},"end":{"line":23,"column":3}},{"start":{"line":21,"column":2},"end":{"line":23,"column":3}}],"line":21},"5":{"loc":{"start":{"line":28,"column":2},"end":{"line":34,"column":3}},"type":"if","locations":[{"start":{"line":28,"column":2},"end":{"line":34,"column":3}},{"start":{"line":28,"column":2},"end":{"line":34,"column":3}}],"line":28},"6":{"loc":{"start":{"line":40,"column":16},"end":{"line":40,"column":51}},"type":"binary-expr","locations":[{"start":{"line":40,"column":16},"end":{"line":40,"column":45}},{"start":{"line":40,"column":49},"end":{"line":40,"column":51}}],"line":40},"7":{"loc":{"start":{"line":41,"column":15},"end":{"line":41,"column":48}},"type":"binary-expr","locations":[{"start":{"line":41,"column":15},"end":{"line":41,"column":43}},{"start":{"line":41,"column":47},"end":{"line":41,"column":48}}],"line":41},"8":{"loc":{"start":{"line":45,"column":10},"end":{"line":45,"column":105}},"type":"cond-expr","locations":[{"start":{"line":45,"column":33},"end":{"line":45,"column":97}},{"start":{"line":45,"column":100},"end":{"line":45,"column":105}}],"line":45},"9":{"loc":{"start":{"line":46,"column":10},"end":{"line":46,"column":105}},"type":"cond-expr","locations":[{"start":{"line":46,"column":33},"end":{"line":46,"column":97}},{"start":{"line":46,"column":100},"end":{"line":46,"column":105}}],"line":46},"10":{"loc":{"start":{"line":47,"column":10},"end":{"line":47,"column":115}},"type":"cond-expr","locations":[{"start":{"line":47,"column":32},"end":{"line":47,"column":107}},{"start":{"line":47,"column":110},"end":{"line":47,"column":115}}],"line":47},"11":{"loc":{"start":{"line":56,"column":2},"end":{"line":69,"column":3}},"type":"if","locations":[{"start":{"line":56,"column":2},"end":{"line":69,"column":3}},{"start":{"line":56,"column":2},"end":{"line":69,"column":3}}],"line":56},"12":{"loc":{"start":{"line":58,"column":4},"end":{"line":60,"column":5}},"type":"if","locations":[{"start":{"line":58,"column":4},"end":{"line":60,"column":5}},{"start":{"line":58,"column":4},"end":{"line":60,"column":5}}],"line":58},"13":{"loc":{"start":{"line":62,"column":6},"end":{"line":64,"column":7}},"type":"if","locations":[{"start":{"line":62,"column":6},"end":{"line":64,"column":7}},{"start":{"line":62,"column":6},"end":{"line":64,"column":7}}],"line":62},"14":{"loc":{"start":{"line":62,"column":10},"end":{"line":62,"column":54}},"type":"binary-expr","locations":[{"start":{"line":62,"column":11},"end":{"line":62,"column":25}},{"start":{"line":62,"column":31},"end":{"line":62,"column":53}}],"line":62},"15":{"loc":{"start":{"line":74,"column":2},"end":{"line":100,"column":3}},"type":"if","locations":[{"start":{"line":74,"column":2},"end":{"line":100,"column":3}},{"start":{"line":74,"column":2},"end":{"line":100,"column":3}}],"line":74},"16":{"loc":{"start":{"line":75,"column":4},"end":{"line":77,"column":5}},"type":"if","locations":[{"start":{"line":75,"column":4},"end":{"line":77,"column":5}},{"start":{"line":75,"column":4},"end":{"line":77,"column":5}}],"line":75},"17":{"loc":{"start":{"line":75,"column":8},"end":{"line":75,"column":97}},"type":"binary-expr","locations":[{"start":{"line":75,"column":9},"end":{"line":75,"column":43}},{"start":{"line":75,"column":48},"end":{"line":75,"column":69}},{"start":{"line":75,"column":73},"end":{"line":75,"column":97}}],"line":75},"18":{"loc":{"start":{"line":79,"column":4},"end":{"line":81,"column":5}},"type":"if","locations":[{"start":{"line":79,"column":4},"end":{"line":81,"column":5}},{"start":{"line":79,"column":4},"end":{"line":81,"column":5}}],"line":79},"19":{"loc":{"start":{"line":83,"column":6},"end":{"line":95,"column":7}},"type":"if","locations":[{"start":{"line":83,"column":6},"end":{"line":95,"column":7}},{"start":{"line":83,"column":6},"end":{"line":95,"column":7}}],"line":83},"20":{"loc":{"start":{"line":83,"column":10},"end":{"line":83,"column":54}},"type":"binary-expr","locations":[{"start":{"line":83,"column":11},"end":{"line":83,"column":25}},{"start":{"line":83,"column":31},"end":{"line":83,"column":53}}],"line":83},"21":{"loc":{"start":{"line":84,"column":8},"end":{"line":87,"column":9}},"type":"if","locations":[{"start":{"line":84,"column":8},"end":{"line":87,"column":9}},{"start":{"line":84,"column":8},"end":{"line":87,"column":9}}],"line":84},"22":{"loc":{"start":{"line":88,"column":8},"end":{"line":90,"column":9}},"type":"if","locations":[{"start":{"line":88,"column":8},"end":{"line":90,"column":9}},{"start":{"line":88,"column":8},"end":{"line":90,"column":9}}],"line":88},"23":{"loc":{"start":{"line":88,"column":12},"end":{"line":88,"column":45}},"type":"binary-expr","locations":[{"start":{"line":88,"column":12},"end":{"line":88,"column":27}},{"start":{"line":88,"column":31},"end":{"line":88,"column":45}}],"line":88},"24":{"loc":{"start":{"line":105,"column":2},"end":{"line":119,"column":3}},"type":"if","locations":[{"start":{"line":105,"column":2},"end":{"line":119,"column":3}},{"start":{"line":105,"column":2},"end":{"line":119,"column":3}}],"line":105},"25":{"loc":{"start":{"line":107,"column":4},"end":{"line":109,"column":5}},"type":"if","locations":[{"start":{"line":107,"column":4},"end":{"line":109,"column":5}},{"start":{"line":107,"column":4},"end":{"line":109,"column":5}}],"line":107},"26":{"loc":{"start":{"line":111,"column":6},"end":{"line":114,"column":7}},"type":"if","locations":[{"start":{"line":111,"column":6},"end":{"line":114,"column":7}},{"start":{"line":111,"column":6},"end":{"line":114,"column":7}}],"line":111},"27":{"loc":{"start":{"line":111,"column":10},"end":{"line":111,"column":54}},"type":"binary-expr","locations":[{"start":{"line":111,"column":11},"end":{"line":111,"column":25}},{"start":{"line":111,"column":31},"end":{"line":111,"column":53}}],"line":111}},"s":{"0":4,"1":4,"2":4,"3":4,"4":4,"5":8,"6":8,"7":1,"8":7,"9":1,"10":6,"11":1,"12":5,"13":5,"14":4,"15":1,"16":1,"17":0,"18":0,"19":0,"20":1,"21":1,"22":1,"23":1,"24":4,"25":1,"26":1,"27":1,"28":1,"29":1,"30":1,"31":4,"32":4,"33":4,"34":3,"35":3,"36":1,"37":2,"38":2,"39":1,"40":1,"41":1,"42":4,"43":7,"44":7,"45":6,"46":1,"47":5,"48":5,"49":1,"50":4,"51":4,"52":3,"53":1,"54":1,"55":3,"56":1,"57":2,"58":2,"59":1,"60":1,"61":4,"62":4,"63":4,"64":3,"65":3,"66":1,"67":2,"68":2,"69":1,"70":1,"71":1,"72":1,"73":4},"f":{"0":8,"1":0,"2":1,"3":4,"4":2,"5":7,"6":4,"7":4,"8":2},"b":{"0":[1,7],"1":[8,8],"2":[1,6],"3":[1,5],"4":[4,1],"5":[0,1],"6":[1,1],"7":[1,1],"8":[0,1],"9":[1,0],"10":[1,0],"11":[3,1],"12":[1,2],"13":[1,1],"14":[2,1],"15":[6,1],"16":[1,5],"17":[6,5,5],"18":[1,4],"19":[3,1],"20":[4,2],"21":[1,2],"22":[1,2],"23":[3,1],"24":[3,1],"25":[1,2],"26":[1,1],"27":[2,1]},"_coverageSchema":"1a1c01bbd47fc00a2c39e90264f33305004495a9","hash":"56b93fe52a27846eb825b95c1ac206b556ddd510"}
,"C:\\Users\\user\\Desktop\\LABORATORIA\\LIM015-burger-queen-api\\src\\libs\\initialSetup.js": {"path":"C:\\Users\\user\\Desktop\\LABORATORIA\\LIM015-burger-queen-api\\src\\libs\\initialSetup.js","statementMap":{"0":{"start":{"line":1,"column":13},"end":{"line":1,"column":39}},"1":{"start":{"line":3,"column":20},"end":{"line":14,"column":1}},"2":{"start":{"line":4,"column":2},"end":{"line":13,"column":3}},"3":{"start":{"line":5,"column":18},"end":{"line":5,"column":53}},"4":{"start":{"line":6,"column":4},"end":{"line":6,"column":26}},"5":{"start":{"line":6,"column":19},"end":{"line":6,"column":26}},"6":{"start":{"line":7,"column":4},"end":{"line":10,"column":7}},"7":{"start":{"line":12,"column":4},"end":{"line":12,"column":25}},"8":{"start":{"line":16,"column":0},"end":{"line":16,"column":33}}},"fnMap":{"0":{"name":"(anonymous_0)","decl":{"start":{"line":3,"column":20},"end":{"line":3,"column":21}},"loc":{"start":{"line":3,"column":32},"end":{"line":14,"column":1}},"line":3}},"branchMap":{"0":{"loc":{"start":{"line":6,"column":4},"end":{"line":6,"column":26}},"type":"if","locations":[{"start":{"line":6,"column":4},"end":{"line":6,"column":26}},{"start":{"line":6,"column":4},"end":{"line":6,"column":26}}],"line":6}},"s":{"0":4,"1":4,"2":4,"3":4,"4":4,"5":4,"6":0,"7":0,"8":4},"f":{"0":4},"b":{"0":[4,0]},"_coverageSchema":"1a1c01bbd47fc00a2c39e90264f33305004495a9","hash":"68a89122c57b569d4de7bd33a05770aaabf585c9"}
,"C:\\Users\\user\\Desktop\\LABORATORIA\\LIM015-burger-queen-api\\src\\middleware\\auth.js": {"path":"C:\\Users\\user\\Desktop\\LABORATORIA\\LIM015-burger-queen-api\\src\\middleware\\auth.js","statementMap":{"0":{"start":{"line":1,"column":12},"end":{"line":1,"column":35}},"1":{"start":{"line":2,"column":19},"end":{"line":2,"column":39}},"2":{"start":{"line":3,"column":13},"end":{"line":3,"column":39}},"3":{"start":{"line":4,"column":13},"end":{"line":4,"column":39}},"4":{"start":{"line":52,"column":22},"end":{"line":71,"column":1}},"5":{"start":{"line":53,"column":2},"end":{"line":70,"column":3}},"6":{"start":{"line":54,"column":22},"end":{"line":54,"column":33}},"7":{"start":{"line":56,"column":4},"end":{"line":58,"column":5}},"8":{"start":{"line":57,"column":6},"end":{"line":57,"column":69}},"9":{"start":{"line":60,"column":20},"end":{"line":60,"column":45}},"10":{"start":{"line":61,"column":4},"end":{"line":61,"column":28}},"11":{"start":{"line":67,"column":4},"end":{"line":67,"column":11}},"12":{"start":{"line":69,"column":4},"end":{"line":69,"column":63}},"13":{"start":{"line":73,"column":16},"end":{"line":83,"column":1}},"14":{"start":{"line":74,"column":15},"end":{"line":74,"column":46}},"15":{"start":{"line":75,"column":16},"end":{"line":75,"column":61}},"16":{"start":{"line":76,"column":2},"end":{"line":82,"column":5}},"17":{"start":{"line":77,"column":4},"end":{"line":81,"column":5}},"18":{"start":{"line":78,"column":6},"end":{"line":78,"column":13}},"19":{"start":{"line":80,"column":6},"end":{"line":80,"column":68}},"20":{"start":{"line":85,"column":19},"end":{"line":97,"column":1}},"21":{"start":{"line":86,"column":15},"end":{"line":86,"column":46}},"22":{"start":{"line":87,"column":16},"end":{"line":87,"column":61}},"23":{"start":{"line":88,"column":14},"end":{"line":88,"column":19}},"24":{"start":{"line":89,"column":2},"end":{"line":95,"column":5}},"25":{"start":{"line":90,"column":4},"end":{"line":94,"column":5}},"26":{"start":{"line":91,"column":6},"end":{"line":91,"column":19}},"27":{"start":{"line":93,"column":6},"end":{"line":93,"column":20}},"28":{"start":{"line":96,"column":2},"end":{"line":96,"column":15}},"29":{"start":{"line":99,"column":0},"end":{"line":99,"column":56}}},"fnMap":{"0":{"name":"(anonymous_0)","decl":{"start":{"line":52,"column":22},"end":{"line":52,"column":23}},"loc":{"start":{"line":52,"column":49},"end":{"line":71,"column":1}},"line":52},"1":{"name":"(anonymous_1)","decl":{"start":{"line":73,"column":16},"end":{"line":73,"column":17}},"loc":{"start":{"line":73,"column":43},"end":{"line":83,"column":1}},"line":73},"2":{"name":"(anonymous_2)","decl":{"start":{"line":76,"column":16},"end":{"line":76,"column":17}},"loc":{"start":{"line":76,"column":26},"end":{"line":82,"column":3}},"line":76},"3":{"name":"(anonymous_3)","decl":{"start":{"line":85,"column":19},"end":{"line":85,"column":20}},"loc":{"start":{"line":85,"column":34},"end":{"line":97,"column":1}},"line":85},"4":{"name":"(anonymous_4)","decl":{"start":{"line":89,"column":16},"end":{"line":89,"column":17}},"loc":{"start":{"line":89,"column":26},"end":{"line":95,"column":3}},"line":89}},"branchMap":{"0":{"loc":{"start":{"line":56,"column":4},"end":{"line":58,"column":5}},"type":"if","locations":[{"start":{"line":56,"column":4},"end":{"line":58,"column":5}},{"start":{"line":56,"column":4},"end":{"line":58,"column":5}}],"line":56},"1":{"loc":{"start":{"line":77,"column":4},"end":{"line":81,"column":5}},"type":"if","locations":[{"start":{"line":77,"column":4},"end":{"line":81,"column":5}},{"start":{"line":77,"column":4},"end":{"line":81,"column":5}}],"line":77},"2":{"loc":{"start":{"line":90,"column":4},"end":{"line":94,"column":5}},"type":"if","locations":[{"start":{"line":90,"column":4},"end":{"line":94,"column":5}},{"start":{"line":90,"column":4},"end":{"line":94,"column":5}}],"line":90}},"s":{"0":4,"1":4,"2":4,"3":4,"4":4,"5":78,"6":78,"7":78,"8":15,"9":63,"10":62,"11":62,"12":1,"13":4,"14":27,"15":27,"16":27,"17":27,"18":22,"19":5,"20":4,"21":8,"22":8,"23":8,"24":8,"25":8,"26":4,"27":4,"28":8,"29":4},"f":{"0":78,"1":27,"2":27,"3":8,"4":8},"b":{"0":[15,63],"1":[22,5],"2":[4,4]},"_coverageSchema":"1a1c01bbd47fc00a2c39e90264f33305004495a9","hash":"1bbba44e4acc255ec4b76e183385eee6ec9f0dfa"}
,"C:\\Users\\user\\Desktop\\LABORATORIA\\LIM015-burger-queen-api\\src\\middleware\\error.js": {"path":"C:\\Users\\user\\Desktop\\LABORATORIA\\LIM015-burger-queen-api\\src\\middleware\\error.js","statementMap":{"0":{"start":{"line":1,"column":19},"end":{"line":7,"column":1}}},"fnMap":{},"branchMap":{},"s":{"0":4},"f":{},"b":{},"_coverageSchema":"1a1c01bbd47fc00a2c39e90264f33305004495a9","hash":"6a2ca3f6dd9ca529a29430b59358bbdc15b6a8d9"}
,"C:\\Users\\user\\Desktop\\LABORATORIA\\LIM015-burger-queen-api\\src\\models\\Orders.js": {"path":"C:\\Users\\user\\Desktop\\LABORATORIA\\LIM015-burger-queen-api\\src\\models\\Orders.js","statementMap":{"0":{"start":{"line":1,"column":17},"end":{"line":1,"column":36}},"1":{"start":{"line":3,"column":19},"end":{"line":3,"column":27}},"2":{"start":{"line":4,"column":25},"end":{"line":4,"column":56}},"3":{"start":{"line":6,"column":20},"end":{"line":41,"column":2}},"4":{"start":{"line":43,"column":0},"end":{"line":43,"column":37}},"5":{"start":{"line":45,"column":0},"end":{"line":45,"column":54}}},"fnMap":{},"branchMap":{},"s":{"0":4,"1":4,"2":4,"3":4,"4":4,"5":4},"f":{},"b":{},"_coverageSchema":"1a1c01bbd47fc00a2c39e90264f33305004495a9","hash":"5bc3405ca9d8d0673109841597b6631d40d061eb"}
,"C:\\Users\\user\\Desktop\\LABORATORIA\\LIM015-burger-queen-api\\src\\models\\Products.js": {"path":"C:\\Users\\user\\Desktop\\LABORATORIA\\LIM015-burger-queen-api\\src\\models\\Products.js","statementMap":{"0":{"start":{"line":3,"column":17},"end":{"line":3,"column":36}},"1":{"start":{"line":4,"column":25},"end":{"line":4,"column":56}},"2":{"start":{"line":6,"column":19},"end":{"line":6,"column":27}},"3":{"start":{"line":8,"column":22},"end":{"line":28,"column":2}},"4":{"start":{"line":30,"column":0},"end":{"line":30,"column":39}},"5":{"start":{"line":32,"column":0},"end":{"line":32,"column":58}}},"fnMap":{},"branchMap":{},"s":{"0":4,"1":4,"2":4,"3":4,"4":4,"5":4},"f":{},"b":{},"_coverageSchema":"1a1c01bbd47fc00a2c39e90264f33305004495a9","hash":"949206ed4c63277360674e0a34f96edd679e10a9"}
,"C:\\Users\\user\\Desktop\\LABORATORIA\\LIM015-burger-queen-api\\src\\models\\Roles.js": {"path":"C:\\Users\\user\\Desktop\\LABORATORIA\\LIM015-burger-queen-api\\src\\models\\Roles.js","statementMap":{"0":{"start":{"line":1,"column":17},"end":{"line":1,"column":36}},"1":{"start":{"line":3,"column":19},"end":{"line":3,"column":27}},"2":{"start":{"line":5,"column":19},"end":{"line":12,"column":1}},"3":{"start":{"line":14,"column":0},"end":{"line":14,"column":52}}},"fnMap":{},"branchMap":{},"s":{"0":4,"1":4,"2":4,"3":4},"f":{},"b":{},"_coverageSchema":"1a1c01bbd47fc00a2c39e90264f33305004495a9","hash":"6b3ad05c15f48fe2f3c10d33f0514311cc8e7b2f"}
,"C:\\Users\\user\\Desktop\\LABORATORIA\\LIM015-burger-queen-api\\src\\models\\Users.js": {"path":"C:\\Users\\user\\Desktop\\LABORATORIA\\LIM015-burger-queen-api\\src\\models\\Users.js","statementMap":{"0":{"start":{"line":1,"column":17},"end":{"line":1,"column":36}},"1":{"start":{"line":2,"column":15},"end":{"line":2,"column":32}},"2":{"start":{"line":3,"column":25},"end":{"line":3,"column":56}},"3":{"start":{"line":5,"column":19},"end":{"line":5,"column":27}},"4":{"start":{"line":7,"column":19},"end":{"line":25,"column":2}},"5":{"start":{"line":27,"column":0},"end":{"line":31,"column":2}},"6":{"start":{"line":28,"column":15},"end":{"line":28,"column":39}},"7":{"start":{"line":29,"column":28},"end":{"line":29,"column":61}},"8":{"start":{"line":30,"column":2},"end":{"line":30,"column":27}},"9":{"start":{"line":33,"column":0},"end":{"line":36,"column":2}},"10":{"start":{"line":34,"column":27},"end":{"line":34,"column":75}},"11":{"start":{"line":35,"column":2},"end":{"line":35,"column":26}},"12":{"start":{"line":38,"column":0},"end":{"line":38,"column":36}},"13":{"start":{"line":40,"column":0},"end":{"line":40,"column":52}}},"fnMap":{"0":{"name":"(anonymous_0)","decl":{"start":{"line":27,"column":37},"end":{"line":27,"column":38}},"loc":{"start":{"line":27,"column":57},"end":{"line":31,"column":1}},"line":27},"1":{"name":"(anonymous_1)","decl":{"start":{"line":33,"column":37},"end":{"line":33,"column":38}},"loc":{"start":{"line":33,"column":75},"end":{"line":36,"column":1}},"line":33}},"branchMap":{},"s":{"0":4,"1":4,"2":4,"3":4,"4":4,"5":4,"6":2,"7":2,"8":2,"9":4,"10":58,"11":58,"12":4,"13":4},"f":{"0":2,"1":58},"b":{},"_coverageSchema":"1a1c01bbd47fc00a2c39e90264f33305004495a9","hash":"ee5e9ec74554ee0a80f3cefe91797f0ecda439f9"}
,"C:\\Users\\user\\Desktop\\LABORATORIA\\LIM015-burger-queen-api\\src\\routes\\auth.js": {"path":"C:\\Users\\user\\Desktop\\LABORATORIA\\LIM015-burger-queen-api\\src\\routes\\auth.js","statementMap":{"0":{"start":{"line":3,"column":17},"end":{"line":3,"column":46}},"1":{"start":{"line":9,"column":0},"end":{"line":24,"column":2}},"2":{"start":{"line":22,"column":2},"end":{"line":22,"column":26}},"3":{"start":{"line":23,"column":2},"end":{"line":23,"column":20}}},"fnMap":{"0":{"name":"(anonymous_0)","decl":{"start":{"line":9,"column":17},"end":{"line":9,"column":18}},"loc":{"start":{"line":9,"column":36},"end":{"line":24,"column":1}},"line":9}},"branchMap":{},"s":{"0":4,"1":4,"2":4,"3":4},"f":{"0":4},"b":{},"_coverageSchema":"1a1c01bbd47fc00a2c39e90264f33305004495a9","hash":"0b6dd96c7aa139d3cc7dca30df947be4fb0f4987"}
,"C:\\Users\\user\\Desktop\\LABORATORIA\\LIM015-burger-queen-api\\src\\routes\\index.js": {"path":"C:\\Users\\user\\Desktop\\LABORATORIA\\LIM015-burger-queen-api\\src\\routes\\index.js","statementMap":{"0":{"start":{"line":1,"column":13},"end":{"line":1,"column":30}},"1":{"start":{"line":2,"column":14},"end":{"line":2,"column":32}},"2":{"start":{"line":3,"column":17},"end":{"line":3,"column":38}},"3":{"start":{"line":4,"column":15},"end":{"line":4,"column":34}},"4":{"start":{"line":6,"column":13},"end":{"line":11,"column":1}},"5":{"start":{"line":7,"column":14},"end":{"line":7,"column":28}},"6":{"start":{"line":8,"column":2},"end":{"line":8,"column":81}},"7":{"start":{"line":8,"column":29},"end":{"line":8,"column":79}},"8":{"start":{"line":9,"column":2},"end":{"line":9,"column":53}},"9":{"start":{"line":9,"column":39},"end":{"line":9,"column":51}},"10":{"start":{"line":10,"column":2},"end":{"line":10,"column":16}},"11":{"start":{"line":14,"column":17},"end":{"line":25,"column":1}},"12":{"start":{"line":15,"column":2},"end":{"line":17,"column":3}},"13":{"start":{"line":16,"column":4},"end":{"line":16,"column":16}},"14":{"start":{"line":19,"column":2},"end":{"line":24,"column":5}},"15":{"start":{"line":20,"column":4},"end":{"line":22,"column":5}},"16":{"start":{"line":21,"column":6},"end":{"line":21,"column":21}},"17":{"start":{"line":23,"column":4},"end":{"line":23,"column":46}},"18":{"start":{"line":27,"column":0},"end":{"line":33,"column":9}},"19":{"start":{"line":27,"column":32},"end":{"line":33,"column":8}}},"fnMap":{"0":{"name":"(anonymous_0)","decl":{"start":{"line":6,"column":13},"end":{"line":6,"column":14}},"loc":{"start":{"line":6,"column":28},"end":{"line":11,"column":1}},"line":6},"1":{"name":"(anonymous_1)","decl":{"start":{"line":8,"column":15},"end":{"line":8,"column":16}},"loc":{"start":{"line":8,"column":29},"end":{"line":8,"column":79}},"line":8},"2":{"name":"(anonymous_2)","decl":{"start":{"line":9,"column":15},"end":{"line":9,"column":16}},"loc":{"start":{"line":9,"column":39},"end":{"line":9,"column":51}},"line":9},"3":{"name":"(anonymous_3)","decl":{"start":{"line":14,"column":17},"end":{"line":14,"column":18}},"loc":{"start":{"line":14,"column":38},"end":{"line":25,"column":1}},"line":14},"4":{"name":"(anonymous_4)","decl":{"start":{"line":19,"column":17},"end":{"line":19,"column":18}},"loc":{"start":{"line":19,"column":26},"end":{"line":24,"column":3}},"line":19},"5":{"name":"(anonymous_5)","decl":{"start":{"line":27,"column":17},"end":{"line":27,"column":18}},"loc":{"start":{"line":27,"column":32},"end":{"line":33,"column":8}},"line":27}},"branchMap":{"0":{"loc":{"start":{"line":15,"column":2},"end":{"line":17,"column":3}},"type":"if","locations":[{"start":{"line":15,"column":2},"end":{"line":17,"column":3}},{"start":{"line":15,"column":2},"end":{"line":17,"column":3}}],"line":15},"1":{"loc":{"start":{"line":20,"column":4},"end":{"line":22,"column":5}},"type":"if","locations":[{"start":{"line":20,"column":4},"end":{"line":22,"column":5}},{"start":{"line":20,"column":4},"end":{"line":22,"column":5}}],"line":20}},"s":{"0":4,"1":4,"2":4,"3":4,"4":4,"5":4,"6":4,"7":0,"8":4,"9":0,"10":4,"11":4,"12":24,"13":4,"14":20,"15":24,"16":4,"17":20,"18":4,"19":4},"f":{"0":4,"1":0,"2":0,"3":24,"4":24,"5":4},"b":{"0":[4,20],"1":[4,20]},"_coverageSchema":"1a1c01bbd47fc00a2c39e90264f33305004495a9","hash":"51dd140fb9fc762c32d25a3e7eab2fb61a1b0994"}
,"C:\\Users\\user\\Desktop\\LABORATORIA\\LIM015-burger-queen-api\\src\\routes\\orders.js": {"path":"C:\\Users\\user\\Desktop\\LABORATORIA\\LIM015-burger-queen-api\\src\\routes\\orders.js","statementMap":{"0":{"start":{"line":11,"column":4},"end":{"line":11,"column":35}},"1":{"start":{"line":12,"column":26},"end":{"line":12,"column":55}},"2":{"start":{"line":15,"column":0},"end":{"line":149,"column":2}},"3":{"start":{"line":42,"column":2},"end":{"line":42,"column":47}},"4":{"start":{"line":65,"column":2},"end":{"line":65,"column":59}},"5":{"start":{"line":93,"column":2},"end":{"line":93,"column":50}},"6":{"start":{"line":123,"column":2},"end":{"line":123,"column":62}},"7":{"start":{"line":146,"column":2},"end":{"line":146,"column":65}},"8":{"start":{"line":148,"column":2},"end":{"line":148,"column":13}}},"fnMap":{"0":{"name":"(anonymous_0)","decl":{"start":{"line":15,"column":17},"end":{"line":15,"column":18}},"loc":{"start":{"line":15,"column":36},"end":{"line":149,"column":1}},"line":15}},"branchMap":{},"s":{"0":4,"1":4,"2":4,"3":4,"4":4,"5":4,"6":4,"7":4,"8":4},"f":{"0":4},"b":{},"_coverageSchema":"1a1c01bbd47fc00a2c39e90264f33305004495a9","hash":"baf9371e55ffa0a7597e9be15f2bd4efc3989e6b"}
,"C:\\Users\\user\\Desktop\\LABORATORIA\\LIM015-burger-queen-api\\src\\routes\\products.js": {"path":"C:\\Users\\user\\Desktop\\LABORATORIA\\LIM015-burger-queen-api\\src\\routes\\products.js","statementMap":{"0":{"start":{"line":12,"column":4},"end":{"line":12,"column":37}},"1":{"start":{"line":13,"column":35},"end":{"line":13,"column":64}},"2":{"start":{"line":17,"column":0},"end":{"line":131,"column":2}},"3":{"start":{"line":40,"column":2},"end":{"line":40,"column":51}},"4":{"start":{"line":59,"column":2},"end":{"line":59,"column":65}},"5":{"start":{"line":83,"column":2},"end":{"line":83,"column":63}},"6":{"start":{"line":108,"column":2},"end":{"line":108,"column":77}},"7":{"start":{"line":128,"column":2},"end":{"line":128,"column":80}},"8":{"start":{"line":130,"column":2},"end":{"line":130,"column":13}}},"fnMap":{"0":{"name":"(anonymous_0)","decl":{"start":{"line":17,"column":17},"end":{"line":17,"column":18}},"loc":{"start":{"line":17,"column":36},"end":{"line":131,"column":1}},"line":17}},"branchMap":{},"s":{"0":4,"1":4,"2":4,"3":4,"4":4,"5":4,"6":4,"7":4,"8":4},"f":{"0":4},"b":{},"_coverageSchema":"1a1c01bbd47fc00a2c39e90264f33305004495a9","hash":"2acdfa48b6d8976f53a4012fa3ca7b5376d116a1"}
,"C:\\Users\\user\\Desktop\\LABORATORIA\\LIM015-burger-queen-api\\src\\routes\\users.js": {"path":"C:\\Users\\user\\Desktop\\LABORATORIA\\LIM015-burger-queen-api\\src\\routes\\users.js","statementMap":{"0":{"start":{"line":2,"column":15},"end":{"line":2,"column":32}},"1":{"start":{"line":3,"column":13},"end":{"line":3,"column":39}},"2":{"start":{"line":4,"column":13},"end":{"line":4,"column":39}},"3":{"start":{"line":11,"column":4},"end":{"line":11,"column":34}},"4":{"start":{"line":12,"column":35},"end":{"line":12,"column":64}},"5":{"start":{"line":102,"column":0},"end":{"line":210,"column":2}},"6":{"start":{"line":125,"column":2},"end":{"line":125,"column":54}},"7":{"start":{"line":143,"column":2},"end":{"line":143,"column":53}},"8":{"start":{"line":164,"column":2},"end":{"line":164,"column":53}},"9":{"start":{"line":189,"column":2},"end":{"line":189,"column":56}},"10":{"start":{"line":207,"column":2},"end":{"line":207,"column":59}},"11":{"start":{"line":209,"column":2},"end":{"line":209,"column":27}}},"fnMap":{"0":{"name":"(anonymous_0)","decl":{"start":{"line":102,"column":17},"end":{"line":102,"column":18}},"loc":{"start":{"line":102,"column":32},"end":{"line":210,"column":1}},"line":102}},"branchMap":{},"s":{"0":4,"1":4,"2":4,"3":4,"4":4,"5":4,"6":4,"7":4,"8":4,"9":4,"10":4,"11":4},"f":{"0":4},"b":{},"_coverageSchema":"1a1c01bbd47fc00a2c39e90264f33305004495a9","hash":"26d71e7facc5679e2fe6d1654dbff2db09ea4796"}
,"C:\\Users\\user\\Desktop\\LABORATORIA\\LIM015-burger-queen-api\\src\\utils\\utils.js": {"path":"C:\\Users\\user\\Desktop\\LABORATORIA\\LIM015-burger-queen-api\\src\\utils\\utils.js","statementMap":{"0":{"start":{"line":1,"column":25},"end":{"line":11,"column":1}},"1":{"start":{"line":2,"column":22},"end":{"line":2,"column":77}},"2":{"start":{"line":3,"column":18},"end":{"line":3,"column":49}},"3":{"start":{"line":4,"column":2},"end":{"line":6,"column":3}},"4":{"start":{"line":5,"column":4},"end":{"line":5,"column":32}},"5":{"start":{"line":7,"column":2},"end":{"line":9,"column":3}},"6":{"start":{"line":8,"column":4},"end":{"line":8,"column":30}},"7":{"start":{"line":10,"column":2},"end":{"line":10,"column":15}},"8":{"start":{"line":13,"column":20},"end":{"line":19,"column":1}},"9":{"start":{"line":14,"column":22},"end":{"line":14,"column":77}},"10":{"start":{"line":15,"column":2},"end":{"line":17,"column":3}},"11":{"start":{"line":16,"column":4},"end":{"line":16,"column":16}},"12":{"start":{"line":18,"column":2},"end":{"line":18,"column":15}},"13":{"start":{"line":21,"column":23},"end":{"line":27,"column":1}},"14":{"start":{"line":22,"column":21},"end":{"line":22,"column":64}},"15":{"start":{"line":23,"column":2},"end":{"line":25,"column":3}},"16":{"start":{"line":24,"column":4},"end":{"line":24,"column":16}},"17":{"start":{"line":26,"column":2},"end":{"line":26,"column":15}},"18":{"start":{"line":29,"column":17},"end":{"line":35,"column":1}},"19":{"start":{"line":30,"column":18},"end":{"line":30,"column":49}},"20":{"start":{"line":31,"column":2},"end":{"line":33,"column":3}},"21":{"start":{"line":32,"column":4},"end":{"line":32,"column":16}},"22":{"start":{"line":34,"column":2},"end":{"line":34,"column":15}},"23":{"start":{"line":37,"column":0},"end":{"line":42,"column":2}}},"fnMap":{"0":{"name":"(anonymous_0)","decl":{"start":{"line":1,"column":25},"end":{"line":1,"column":26}},"loc":{"start":{"line":1,"column":40},"end":{"line":11,"column":1}},"line":1},"1":{"name":"(anonymous_1)","decl":{"start":{"line":13,"column":20},"end":{"line":13,"column":21}},"loc":{"start":{"line":13,"column":31},"end":{"line":19,"column":1}},"line":13},"2":{"name":"(anonymous_2)","decl":{"start":{"line":21,"column":23},"end":{"line":21,"column":24}},"loc":{"start":{"line":21,"column":37},"end":{"line":27,"column":1}},"line":21},"3":{"name":"(anonymous_3)","decl":{"start":{"line":29,"column":17},"end":{"line":29,"column":18}},"loc":{"start":{"line":29,"column":25},"end":{"line":35,"column":1}},"line":29}},"branchMap":{"0":{"loc":{"start":{"line":4,"column":2},"end":{"line":6,"column":3}},"type":"if","locations":[{"start":{"line":4,"column":2},"end":{"line":6,"column":3}},{"start":{"line":4,"column":2},"end":{"line":6,"column":3}}],"line":4},"1":{"loc":{"start":{"line":7,"column":2},"end":{"line":9,"column":3}},"type":"if","locations":[{"start":{"line":7,"column":2},"end":{"line":9,"column":3}},{"start":{"line":7,"column":2},"end":{"line":9,"column":3}}],"line":7},"2":{"loc":{"start":{"line":15,"column":2},"end":{"line":17,"column":3}},"type":"if","locations":[{"start":{"line":15,"column":2},"end":{"line":17,"column":3}},{"start":{"line":15,"column":2},"end":{"line":17,"column":3}}],"line":15},"3":{"loc":{"start":{"line":23,"column":2},"end":{"line":25,"column":3}},"type":"if","locations":[{"start":{"line":23,"column":2},"end":{"line":25,"column":3}},{"start":{"line":23,"column":2},"end":{"line":25,"column":3}}],"line":23},"4":{"loc":{"start":{"line":31,"column":2},"end":{"line":33,"column":3}},"type":"if","locations":[{"start":{"line":31,"column":2},"end":{"line":33,"column":3}},{"start":{"line":31,"column":2},"end":{"line":33,"column":3}}],"line":31}},"s":{"0":4,"1":15,"2":15,"3":15,"4":7,"5":8,"6":5,"7":3,"8":4,"9":7,"10":7,"11":6,"12":1,"13":4,"14":6,"15":6,"16":5,"17":1,"18":4,"19":21,"20":21,"21":15,"22":6,"23":4},"f":{"0":15,"1":7,"2":6,"3":21},"b":{"0":[7,8],"1":[5,3],"2":[6,1],"3":[5,1],"4":[15,6]},"_coverageSchema":"1a1c01bbd47fc00a2c39e90264f33305004495a9","hash":"a2e6bf0a5a2ef61bf25ac27d5cb7c36b80135fba"}
}
