TN:
SF:src\app.js
FN:29,(anonymous_0)
FNF:1
FNH:1
FNDA:8,(anonymous_0)
DA:1,4
DA:2,4
DA:4,4
DA:7,4
DA:9,4
DA:11,4
DA:12,4
DA:15,4
DA:16,4
DA:18,4
DA:19,4
DA:22,4
DA:23,4
DA:24,4
DA:26,4
DA:29,4
DA:30,8
DA:31,4
DA:35,4
LF:19
LH:19
BRDA:30,0,0,4
BRDA:30,0,1,4
BRF:2
BRH:2
end_of_record
TN:
SF:src\config.js
FNF:0
FNH:0
DA:1,4
DA:2,4
DA:3,4
DA:4,4
DA:5,4
LF:5
LH:5
BRDA:1,0,0,4
BRDA:1,0,1,0
BRDA:1,0,2,0
BRDA:2,1,0,4
BRDA:2,1,1,4
BRDA:3,2,0,4
BRDA:3,2,1,4
BRDA:4,3,0,4
BRDA:4,3,1,4
BRDA:5,4,0,4
BRDA:5,4,1,4
BRF:11
BRH:9
end_of_record
TN:
SF:src\controller\auth.js
FN:5,(anonymous_0)
FNF:1
FNH:1
FNDA:60,(anonymous_0)
DA:1,4
DA:2,4
DA:3,4
DA:5,4
DA:6,60
DA:7,60
DA:8,1
DA:11,59
DA:14,59
DA:15,1
DA:17,58
DA:18,58
DA:19,1
DA:21,57
DA:22,57
DA:25,4
LF:16
LH:16
BRDA:7,0,0,1
BRDA:7,0,1,59
BRDA:7,1,0,60
BRDA:7,1,1,60
BRDA:14,2,0,1
BRDA:14,2,1,58
BRDA:18,3,0,1
BRDA:18,3,1,57
BRF:8
BRH:8
end_of_record
TN:
SF:src\controller\orders.js
FN:5,(anonymous_0)
FN:15,(anonymous_1)
FN:28,(anonymous_2)
FN:44,(anonymous_3)
FN:56,(anonymous_4)
FN:77,(anonymous_5)
FNF:6
FNH:6
FNDA:4,(anonymous_0)
FNDA:3,(anonymous_1)
FNDA:1,(anonymous_2)
FNDA:3,(anonymous_3)
FNDA:5,(anonymous_4)
FNDA:3,(anonymous_5)
DA:1,4
DA:2,4
DA:3,4
DA:5,4
DA:8,4
DA:9,4
DA:10,1
DA:12,3
DA:15,3
DA:16,3
DA:17,3
DA:18,1
DA:20,2
DA:21,2
DA:22,2
DA:28,4
DA:29,1
DA:30,1
DA:31,1
DA:32,1
DA:33,1
DA:40,1
DA:41,1
DA:44,4
DA:45,3
DA:46,3
DA:47,2
DA:48,2
DA:49,1
DA:51,1
DA:53,1
DA:56,4
DA:57,5
DA:58,5
DA:59,4
DA:60,1
DA:62,3
DA:63,3
DA:64,1
DA:66,2
DA:69,2
DA:70,1
DA:72,1
DA:74,1
DA:77,4
DA:78,3
DA:79,3
DA:80,2
DA:81,2
DA:82,1
DA:84,1
DA:86,1
DA:89,4
LF:53
LH:53
BRDA:9,0,0,1
BRDA:9,0,1,3
BRDA:9,1,0,4
BRDA:9,1,1,3
BRDA:9,1,2,3
BRDA:17,2,0,1
BRDA:17,2,1,2
BRDA:29,3,0,1
BRDA:29,3,1,1
BRDA:30,4,0,1
BRDA:30,4,1,1
BRDA:35,5,0,0
BRDA:35,5,1,1
BRDA:36,6,0,1
BRDA:36,6,1,0
BRDA:37,7,0,1
BRDA:37,7,1,0
BRDA:46,8,0,2
BRDA:46,8,1,1
BRDA:48,9,0,1
BRDA:48,9,1,1
BRDA:58,10,0,4
BRDA:58,10,1,1
BRDA:59,11,0,1
BRDA:59,11,1,3
BRDA:59,12,0,4
BRDA:59,12,1,3
BRDA:59,12,2,3
BRDA:59,12,3,3
BRDA:59,12,4,3
BRDA:63,13,0,1
BRDA:63,13,1,2
BRDA:63,14,0,3
BRDA:63,14,1,1
BRDA:69,15,0,1
BRDA:69,15,1,1
BRDA:79,16,0,2
BRDA:79,16,1,1
BRDA:81,17,0,1
BRDA:81,17,1,1
BRF:40
BRH:37
end_of_record
TN:
SF:src\controller\products.js
FN:4,(anonymous_0)
FN:18,(anonymous_1)
FN:33,(anonymous_2)
FN:45,(anonymous_3)
FN:62,(anonymous_4)
FNF:5
FNH:5
FNDA:6,(anonymous_0)
FNDA:1,(anonymous_1)
FNDA:3,(anonymous_2)
FNDA:4,(anonymous_3)
FNDA:3,(anonymous_4)
DA:1,4
DA:2,4
DA:4,4
DA:7,6
DA:8,6
DA:11,6
DA:12,1
DA:14,5
DA:15,5
DA:18,4
DA:19,1
DA:20,1
DA:21,1
DA:22,1
DA:29,1
DA:30,1
DA:33,4
DA:34,3
DA:35,3
DA:36,2
DA:37,2
DA:38,1
DA:40,1
DA:42,1
DA:45,4
DA:46,4
DA:47,4
DA:48,3
DA:49,1
DA:51,2
DA:54,2
DA:55,1
DA:57,1
DA:59,1
DA:62,4
DA:63,3
DA:64,3
DA:65,2
DA:66,2
DA:67,1
DA:69,1
DA:71,1
DA:74,4
LF:43
LH:43
BRDA:11,0,0,1
BRDA:11,0,1,5
BRDA:11,1,0,6
BRDA:11,1,1,5
BRDA:19,2,0,1
BRDA:19,2,1,1
BRDA:20,3,0,1
BRDA:20,3,1,1
BRDA:24,4,0,0
BRDA:24,4,1,1
BRDA:25,5,0,1
BRDA:25,5,1,0
BRDA:26,6,0,1
BRDA:26,6,1,0
BRDA:35,7,0,2
BRDA:35,7,1,1
BRDA:37,8,0,1
BRDA:37,8,1,1
BRDA:47,9,0,3
BRDA:47,9,1,1
BRDA:48,10,0,1
BRDA:48,10,1,2
BRDA:48,11,0,3
BRDA:48,11,1,2
BRDA:48,11,2,2
BRDA:48,11,3,2
BRDA:48,11,4,2
BRDA:54,12,0,1
BRDA:54,12,1,1
BRDA:64,13,0,2
BRDA:64,13,1,1
BRDA:66,14,0,1
BRDA:66,14,1,1
BRF:33
BRH:30
end_of_record
TN:
SF:src\controller\users.js
FN:6,(anonymous_0)
FN:30,(anonymous_1)
FN:39,(anonymous_2)
FN:54,(anonymous_3)
FN:61,(anonymous_4)
FN:72,(anonymous_5)
FN:82,(anonymous_6)
FN:103,(anonymous_7)
FN:110,(anonymous_8)
FNF:9
FNH:8
FNDA:8,(anonymous_0)
FNDA:0,(anonymous_1)
FNDA:1,(anonymous_2)
FNDA:4,(anonymous_3)
FNDA:2,(anonymous_4)
FNDA:7,(anonymous_5)
FNDA:4,(anonymous_6)
FNDA:4,(anonymous_7)
FNDA:2,(anonymous_8)
DA:1,4
DA:2,4
DA:3,4
DA:4,4
DA:6,4
DA:11,8
DA:12,8
DA:13,1
DA:15,7
DA:16,1
DA:17,6
DA:18,1
DA:20,5
DA:21,5
DA:22,4
DA:24,1
DA:28,1
DA:29,0
DA:30,0
DA:32,1
DA:33,1
DA:35,1
DA:36,1
DA:39,4
DA:40,1
DA:41,1
DA:42,1
DA:43,1
DA:49,1
DA:50,1
DA:54,4
DA:55,4
DA:56,4
DA:57,3
DA:58,3
DA:59,1
DA:61,2
DA:62,2
DA:63,1
DA:65,1
DA:68,1
DA:72,4
DA:73,7
DA:74,7
DA:75,6
DA:76,1
DA:78,5
DA:79,5
DA:80,1
DA:82,4
DA:83,4
DA:84,3
DA:85,1
DA:86,1
DA:88,3
DA:89,1
DA:91,2
DA:94,2
DA:96,1
DA:99,1
DA:103,4
DA:104,4
DA:105,4
DA:106,3
DA:107,3
DA:108,1
DA:110,2
DA:111,2
DA:112,1
DA:113,1
DA:115,1
DA:118,1
DA:122,4
LF:73
LH:71
BRDA:12,0,0,1
BRDA:12,0,1,7
BRDA:12,1,0,8
BRDA:12,1,1,8
BRDA:15,2,0,1
BRDA:15,2,1,6
BRDA:17,3,0,1
BRDA:17,3,1,5
BRDA:21,4,0,4
BRDA:21,4,1,1
BRDA:28,5,0,0
BRDA:28,5,1,1
BRDA:40,6,0,1
BRDA:40,6,1,1
BRDA:41,7,0,1
BRDA:41,7,1,1
BRDA:45,8,0,0
BRDA:45,8,1,1
BRDA:46,9,0,1
BRDA:46,9,1,0
BRDA:47,10,0,1
BRDA:47,10,1,0
BRDA:56,11,0,3
BRDA:56,11,1,1
BRDA:58,12,0,1
BRDA:58,12,1,2
BRDA:62,13,0,1
BRDA:62,13,1,1
BRDA:62,14,0,2
BRDA:62,14,1,1
BRDA:74,15,0,6
BRDA:74,15,1,1
BRDA:75,16,0,1
BRDA:75,16,1,5
BRDA:75,17,0,6
BRDA:75,17,1,5
BRDA:75,17,2,5
BRDA:79,18,0,1
BRDA:79,18,1,4
BRDA:83,19,0,3
BRDA:83,19,1,1
BRDA:83,20,0,4
BRDA:83,20,1,2
BRDA:84,21,0,1
BRDA:84,21,1,2
BRDA:88,22,0,1
BRDA:88,22,1,2
BRDA:88,23,0,3
BRDA:88,23,1,1
BRDA:105,24,0,3
BRDA:105,24,1,1
BRDA:107,25,0,1
BRDA:107,25,1,2
BRDA:111,26,0,1
BRDA:111,26,1,1
BRDA:111,27,0,2
BRDA:111,27,1,1
BRF:57
BRH:53
end_of_record
TN:
SF:src\libs\initialSetup.js
FN:3,(anonymous_0)
FNF:1
FNH:1
FNDA:4,(anonymous_0)
DA:1,4
DA:3,4
DA:4,4
DA:5,4
DA:6,4
DA:7,0
DA:12,0
DA:16,4
LF:8
LH:6
BRDA:6,0,0,4
BRDA:6,0,1,0
BRF:2
BRH:1
end_of_record
TN:
SF:src\middleware\auth.js
FN:52,(anonymous_0)
FN:73,(anonymous_1)
FN:76,(anonymous_2)
FN:85,(anonymous_3)
FN:89,(anonymous_4)
FNF:5
FNH:5
FNDA:78,(anonymous_0)
FNDA:27,(anonymous_1)
FNDA:27,(anonymous_2)
FNDA:8,(anonymous_3)
FNDA:8,(anonymous_4)
DA:1,4
DA:2,4
DA:3,4
DA:4,4
DA:52,4
DA:53,78
DA:54,78
DA:56,78
DA:57,15
DA:60,63
DA:61,62
DA:67,62
DA:69,1
DA:73,4
DA:74,27
DA:75,27
DA:76,27
DA:77,27
DA:78,22
DA:80,5
DA:85,4
DA:86,8
DA:87,8
DA:88,8
DA:89,8
DA:90,8
DA:91,4
DA:93,4
DA:96,8
DA:99,4
LF:30
LH:30
BRDA:56,0,0,15
BRDA:56,0,1,63
BRDA:77,1,0,22
BRDA:77,1,1,5
BRDA:90,2,0,4
BRDA:90,2,1,4
BRF:6
BRH:6
end_of_record
TN:
SF:src\middleware\error.js
FNF:0
FNH:0
DA:1,4
LF:1
LH:1
BRF:0
BRH:0
end_of_record
TN:
SF:src\models\Orders.js
FNF:0
FNH:0
DA:1,4
DA:3,4
DA:4,4
DA:6,4
DA:43,4
DA:45,4
LF:6
LH:6
BRF:0
BRH:0
end_of_record
TN:
SF:src\models\Products.js
FNF:0
FNH:0
DA:3,4
DA:4,4
DA:6,4
DA:8,4
DA:30,4
DA:32,4
LF:6
LH:6
BRF:0
BRH:0
end_of_record
TN:
SF:src\models\Roles.js
FNF:0
FNH:0
DA:1,4
DA:3,4
DA:5,4
DA:14,4
LF:4
LH:4
BRF:0
BRH:0
end_of_record
TN:
SF:src\models\Users.js
FN:27,(anonymous_0)
FN:33,(anonymous_1)
FNF:2
FNH:2
FNDA:2,(anonymous_0)
FNDA:58,(anonymous_1)
DA:1,4
DA:2,4
DA:3,4
DA:5,4
DA:7,4
DA:27,4
DA:28,2
DA:29,2
DA:30,2
DA:33,4
DA:34,58
DA:35,58
DA:38,4
DA:40,4
LF:14
LH:14
BRF:0
BRH:0
end_of_record
TN:
SF:src\routes\auth.js
FN:9,(anonymous_0)
FNF:1
FNH:1
FNDA:4,(anonymous_0)
DA:3,4
DA:9,4
DA:22,4
DA:23,4
LF:4
LH:4
BRF:0
BRH:0
end_of_record
TN:
SF:src\routes\index.js
FN:6,(anonymous_0)
FN:8,(anonymous_1)
FN:9,(anonymous_2)
FN:14,(anonymous_3)
FN:19,(anonymous_4)
FN:27,(anonymous_5)
FNF:6
FNH:4
FNDA:4,(anonymous_0)
FNDA:0,(anonymous_1)
FNDA:0,(anonymous_2)
FNDA:24,(anonymous_3)
FNDA:24,(anonymous_4)
FNDA:4,(anonymous_5)
DA:1,4
DA:2,4
DA:3,4
DA:4,4
DA:6,4
DA:7,4
DA:8,4
DA:9,4
DA:10,4
DA:14,4
DA:15,24
DA:16,4
DA:19,20
DA:20,24
DA:21,4
DA:23,20
DA:27,4
LF:17
LH:17
BRDA:15,0,0,4
BRDA:15,0,1,20
BRDA:20,1,0,4
BRDA:20,1,1,20
BRF:4
BRH:4
end_of_record
TN:
SF:src\routes\orders.js
FN:15,(anonymous_0)
FNF:1
FNH:1
FNDA:4,(anonymous_0)
DA:11,4
DA:12,4
DA:15,4
DA:42,4
DA:65,4
DA:93,4
DA:123,4
DA:146,4
DA:148,4
LF:9
LH:9
BRF:0
BRH:0
end_of_record
TN:
SF:src\routes\products.js
FN:17,(anonymous_0)
FNF:1
FNH:1
FNDA:4,(anonymous_0)
DA:12,4
DA:13,4
DA:17,4
DA:40,4
DA:59,4
DA:83,4
DA:108,4
DA:128,4
DA:130,4
LF:9
LH:9
BRF:0
BRH:0
end_of_record
TN:
SF:src\routes\users.js
FN:102,(anonymous_0)
FNF:1
FNH:1
FNDA:4,(anonymous_0)
DA:2,4
DA:3,4
DA:4,4
DA:11,4
DA:12,4
DA:102,4
DA:125,4
DA:143,4
DA:164,4
DA:189,4
DA:207,4
DA:209,4
LF:12
LH:12
BRF:0
BRH:0
end_of_record
TN:
SF:src\utils\utils.js
FN:1,(anonymous_0)
FN:13,(anonymous_1)
FN:21,(anonymous_2)
FN:29,(anonymous_3)
FNF:4
FNH:4
FNDA:15,(anonymous_0)
FNDA:7,(anonymous_1)
FNDA:6,(anonymous_2)
FNDA:21,(anonymous_3)
DA:1,4
DA:2,15
DA:3,15
DA:4,15
DA:5,7
DA:7,8
DA:8,5
DA:10,3
DA:13,4
DA:14,7
DA:15,7
DA:16,6
DA:18,1
DA:21,4
DA:22,6
DA:23,6
DA:24,5
DA:26,1
DA:29,4
DA:30,21
DA:31,21
DA:32,15
DA:34,6
DA:37,4
LF:24
LH:24
BRDA:4,0,0,7
BRDA:4,0,1,8
BRDA:7,1,0,5
BRDA:7,1,1,3
BRDA:15,2,0,6
BRDA:15,2,1,1
BRDA:23,3,0,5
BRDA:23,3,1,1
BRDA:31,4,0,15
BRDA:31,4,1,6
BRF:10
BRH:10
end_of_record
